<?xml version="1.0" encoding="UTF-8"?>
<robot generator="Robot 7.2.2 (Python 3.10.12 on linux)" generated="2025-04-14T10:57:37.339211" rpa="false" schemaversion="5">
<suite id="s1" name="Advanced Test &amp; Bdd Test &amp; Dictionaries &amp; In Range Test &amp; List &amp; Scalar Test &amp; Simple Test2">
<suite id="s1-s1" name="Advanced Test" source="/home/nguyenvh/Sync/3a/stage_stet/projet_dho/automated-log-analysis/tests/advanced_test.robot">
<kw name="Connect to Server" owner="advanced_test_keywords" type="SETUP">
<kw name="Connect" owner="CustomLibrary">
<msg time="2025-04-14T10:57:37.395678" level="FAIL">TypeError: TestObject.__init__() missing 1 required positional argument: 'api_key'</msg>
<arg>fe80::aede:48ff:fe00:1122</arg>
<status status="FAIL" start="2025-04-14T10:57:37.395522" elapsed="0.000342">TypeError: TestObject.__init__() missing 1 required positional argument: 'api_key'</status>
</kw>
<status status="FAIL" start="2025-04-14T10:57:37.395109" elapsed="0.000871">TypeError: TestObject.__init__() missing 1 required positional argument: 'api_key'</status>
</kw>
<test id="s1-s1-t1" name="Access All Users With Admin Rights" line="11">
<doc>Tests if all users can be accessed with Admin User.</doc>
<status status="FAIL" start="2025-04-14T10:57:37.396146" elapsed="0.000348">Parent suite setup failed:
TypeError: TestObject.__init__() missing 1 required positional argument: 'api_key'</status>
</test>
<test id="s1-s1-t2" name="Create User With Admin Rights" line="16">
<doc>Tests if a new users can be created with Admin User.</doc>
<status status="FAIL" start="2025-04-14T10:57:37.396642" elapsed="0.000235">Parent suite setup failed:
TypeError: TestObject.__init__() missing 1 required positional argument: 'api_key'</status>
</test>
<test id="s1-s1-t3" name="Update User with Admin Rights" line="29">
<doc>Changes Password of an existing user.</doc>
<status status="FAIL" start="2025-04-14T10:57:37.397002" elapsed="0.000206">Parent suite setup failed:
TypeError: TestObject.__init__() missing 1 required positional argument: 'api_key'</status>
</test>
<test id="s1-s1-t4" name="Update Own Password With User Rights" line="36">
<doc>Changes Password of an existing user.</doc>
<status status="FAIL" start="2025-04-14T10:57:37.397330" elapsed="0.000213">Parent suite setup failed:
TypeError: TestObject.__init__() missing 1 required positional argument: 'api_key'</status>
</test>
<test id="s1-s1-t5" name="Access Own Details With User Rights" line="43">
<doc>Tests if a user can access own details</doc>
<status status="FAIL" start="2025-04-14T10:57:37.397666" elapsed="0.000197">Parent suite setup failed:
TypeError: TestObject.__init__() missing 1 required positional argument: 'api_key'</status>
</test>
<test id="s1-s1-t6" name="Access Other Users Details With User Rights" line="51">
<doc>Tests does fail, due to insufficiant rights...</doc>
<status status="FAIL" start="2025-04-14T10:57:37.397975" elapsed="0.000195">Parent suite setup failed:
TypeError: TestObject.__init__() missing 1 required positional argument: 'api_key'</status>
</test>
<kw name="Disconnect" owner="CustomLibrary" type="TEARDOWN">
<status status="PASS" start="2025-04-14T10:57:37.398549" elapsed="0.000104"/>
</kw>
<doc>A test suite for valid login.

Keywords are imported from the resource file</doc>
<status status="FAIL" start="2025-04-14T10:57:37.353239" elapsed="0.045439">Suite setup failed:
TypeError: TestObject.__init__() missing 1 required positional argument: 'api_key'</status>
</suite>
<suite id="s1-s2" name="Bdd Test" source="/home/nguyenvh/Sync/3a/stage_stet/projet_dho/automated-log-analysis/tests/bdd_test.robot">
<test id="s1-s2-t1" name="Test Calculator With BDD Syntax" line="5">
<kw name="Given The Calculator Is Running" owner="bdd_keywords">
<kw name="Log" owner="BuiltIn">
<msg time="2025-04-14T10:57:37.402822" level="INFO">Opening Calculator</msg>
<arg>Opening Calculator</arg>
<doc>Logs the given message with the given level.</doc>
<status status="PASS" start="2025-04-14T10:57:37.402740" elapsed="0.000123"/>
</kw>
<kw name="Start Calculator" owner="Calculator">
<msg time="2025-04-14T10:57:37.402992" level="INFO">Calculator Started</msg>
<status status="PASS" start="2025-04-14T10:57:37.402932" elapsed="0.000085"/>
</kw>
<status status="PASS" start="2025-04-14T10:57:37.402553" elapsed="0.000497"/>
</kw>
<kw name="When The User Enters The Term &quot;1 + 1&quot;" owner="bdd_keywords" source_name="The User Enters The Term &quot;${term}&quot;">
<kw name="Log" owner="BuiltIn">
<msg time="2025-04-14T10:57:37.403476" level="INFO">Entering 1 + 1</msg>
<arg>Entering ${term}</arg>
<doc>Logs the given message with the given level.</doc>
<status status="PASS" start="2025-04-14T10:57:37.403378" elapsed="0.000128"/>
</kw>
<kw name="Set Test Variable" owner="BuiltIn">
<msg time="2025-04-14T10:57:37.403690" level="INFO">${term} = 1 + 1</msg>
<arg>${term}</arg>
<doc>Makes a variable available everywhere within the scope of the current test.</doc>
<status status="PASS" start="2025-04-14T10:57:37.403576" elapsed="0.000139"/>
</kw>
<status status="PASS" start="2025-04-14T10:57:37.403198" elapsed="0.000552"/>
</kw>
<kw name="And The User Triggers The Calculation" owner="bdd_keywords">
<kw name="Log" owner="BuiltIn">
<msg time="2025-04-14T10:57:37.404087" level="INFO">Triggering Calculation</msg>
<arg>Triggering Calculation</arg>
<doc>Logs the given message with the given level.</doc>
<status status="PASS" start="2025-04-14T10:57:37.404029" elapsed="0.000086"/>
</kw>
<kw name="Calculate Term" owner="Calculator">
<msg time="2025-04-14T10:57:37.404279" level="INFO">Calculating Term: 1 + 1</msg>
<msg time="2025-04-14T10:57:37.404332" level="INFO">${result} = 2</msg>
<var>${result}</var>
<arg>${term}</arg>
<doc>Interpret term as a mathematical expression
and return the result</doc>
<status status="PASS" start="2025-04-14T10:57:37.404172" elapsed="0.000176"/>
</kw>
<kw name="Set Test Variable" owner="BuiltIn">
<msg time="2025-04-14T10:57:37.404534" level="INFO">${result} = 2</msg>
<arg>${result}</arg>
<doc>Makes a variable available everywhere within the scope of the current test.</doc>
<status status="PASS" start="2025-04-14T10:57:37.404421" elapsed="0.000140"/>
</kw>
<status status="PASS" start="2025-04-14T10:57:37.403855" elapsed="0.000742"/>
</kw>
<kw name="Then The Result Should Be &quot;2&quot;" owner="bdd_keywords" source_name="The Result Should Be &quot;${expected}&quot;">
<kw name="Log" owner="BuiltIn">
<msg time="2025-04-14T10:57:37.404955" level="INFO">Checking Result</msg>
<arg>Checking Result</arg>
<doc>Logs the given message with the given level.</doc>
<status status="PASS" start="2025-04-14T10:57:37.404894" elapsed="0.000095"/>
</kw>
<kw name="Should Be Equal As Numbers" owner="BuiltIn">
<msg time="2025-04-14T10:57:37.405171" level="INFO">Argument types are:
&lt;class 'int'&gt;
&lt;class 'str'&gt;</msg>
<arg>${result}</arg>
<arg>${expected}</arg>
<doc>Fails if objects are unequal after converting them to real numbers.</doc>
<status status="PASS" start="2025-04-14T10:57:37.405059" elapsed="0.000157"/>
</kw>
<status status="PASS" start="2025-04-14T10:57:37.404709" elapsed="0.000549"/>
</kw>
<status status="PASS" start="2025-04-14T10:57:37.402252" elapsed="0.003225"/>
</test>
<status status="PASS" start="2025-04-14T10:57:37.399071" elapsed="0.006781"/>
</suite>
<suite id="s1-s3" name="Dictionaries" source="/home/nguyenvh/Sync/3a/stage_stet/projet_dho/automated-log-analysis/tests/dictionaries.robot">
<test id="s1-s3-t1" name="Test that accesses Dictionaries" line="15">
<kw name="Log To Console" owner="BuiltIn">
<arg>/nLogs Spiderman</arg>
<doc>Logs the given message to the console.</doc>
<status status="PASS" start="2025-04-14T10:57:37.412362" elapsed="0.000146"/>
</kw>
<kw name="Log To Console" owner="BuiltIn">
<arg>${SPIDERMAN}</arg>
<doc>Logs the given message to the console.</doc>
<status status="PASS" start="2025-04-14T10:57:37.412630" elapsed="0.000119"/>
</kw>
<kw name="Log To Console" owner="BuiltIn">
<arg>Login: ${SPIDERMAN}[login]</arg>
<doc>Logs the given message to the console.</doc>
<status status="PASS" start="2025-04-14T10:57:37.412848" elapsed="0.000123"/>
</kw>
<kw name="Log To Console" owner="BuiltIn">
<arg>Name: ${SPIDERMAN}[name]</arg>
<doc>Logs the given message to the console.</doc>
<status status="PASS" start="2025-04-14T10:57:37.413046" elapsed="0.000169"/>
</kw>
<kw name="Log To Console" owner="BuiltIn">
<arg>Right: ${SPIDERMAN.right}</arg>
<doc>Logs the given message to the console.</doc>
<status status="PASS" start="2025-04-14T10:57:37.413294" elapsed="0.000331"/>
</kw>
<kw name="Set Variable" owner="BuiltIn">
<msg time="2025-04-14T10:57:37.413803" level="INFO">${var} = active</msg>
<var>${var}</var>
<arg>active</arg>
<doc>Returns the given values which can then be assigned to a variables.</doc>
<status status="PASS" start="2025-04-14T10:57:37.413712" elapsed="0.000111"/>
</kw>
<kw name="Log To Console" owner="BuiltIn">
<arg>Active: ${SPIDERMAN}[${var}]</arg>
<doc>Logs the given message to the console.</doc>
<status status="PASS" start="2025-04-14T10:57:37.413902" elapsed="0.000125"/>
</kw>
<status status="PASS" start="2025-04-14T10:57:37.412034" elapsed="0.002082"/>
</test>
<test id="s1-s3-t2" name="Test with Dictionaries as Arguments" line="24">
<kw name="Log A Person">
<kw name="Log To Console" owner="BuiltIn">
<arg>The User "${person.login}" belongs to ${person.name} and the password is "${person.password}"</arg>
<doc>Logs the given message to the console.</doc>
<status status="PASS" start="2025-04-14T10:57:37.414679" elapsed="0.000872"/>
</kw>
<arg>${SPIDERMAN}</arg>
<status status="PASS" start="2025-04-14T10:57:37.414478" elapsed="0.001156"/>
</kw>
<kw name="Log A Person">
<kw name="Log To Console" owner="BuiltIn">
<arg>The User "${person.login}" belongs to ${person.name} and the password is "${person.password}"</arg>
<doc>Logs the given message to the console.</doc>
<status status="PASS" start="2025-04-14T10:57:37.416077" elapsed="0.000762"/>
</kw>
<arg>${IRONMAN}</arg>
<status status="PASS" start="2025-04-14T10:57:37.415822" elapsed="0.001068"/>
</kw>
<status status="PASS" start="2025-04-14T10:57:37.414241" elapsed="0.002742"/>
</test>
<test id="s1-s3-t3" name="Dictionaries for named arguments" line="28">
<kw name="Log To Console" owner="BuiltIn">
<arg>\n Multiple arguments</arg>
<doc>Logs the given message to the console.</doc>
<status status="PASS" start="2025-04-14T10:57:37.417313" elapsed="0.000106"/>
</kw>
<kw name="Log Personal Details">
<kw name="Log To Console" owner="BuiltIn">
<arg>${name} | ${login} | ${password} | ${right} | ${active}</arg>
<doc>Logs the given message to the console.</doc>
<status status="PASS" start="2025-04-14T10:57:37.417767" elapsed="0.000182"/>
</kw>
<arg>Bruce Banner</arg>
<arg>hulk</arg>
<arg>HULK...SMASH!!!</arg>
<arg>user</arg>
<arg>${True}</arg>
<status status="PASS" start="2025-04-14T10:57:37.417534" elapsed="0.000459"/>
</kw>
<kw name="Log Personal Details">
<kw name="Log To Console" owner="BuiltIn">
<arg>${name} | ${login} | ${password} | ${right} | ${active}</arg>
<doc>Logs the given message to the console.</doc>
<status status="PASS" start="2025-04-14T10:57:37.418459" elapsed="0.000185"/>
</kw>
<arg>password=123456</arg>
<arg>active=${True}</arg>
<arg>login=ant</arg>
<arg>name=Scott Lang</arg>
<arg>right=guest</arg>
<status status="PASS" start="2025-04-14T10:57:37.418096" elapsed="0.000593"/>
</kw>
<kw name="Log Personal Details">
<kw name="Log To Console" owner="BuiltIn">
<arg>${name} | ${login} | ${password} | ${right} | ${active}</arg>
<doc>Logs the given message to the console.</doc>
<status status="PASS" start="2025-04-14T10:57:37.419023" elapsed="0.000169"/>
</kw>
<arg>&amp;{IRONMAN}</arg>
<status status="PASS" start="2025-04-14T10:57:37.418792" elapsed="0.000440"/>
</kw>
<status status="PASS" start="2025-04-14T10:57:37.417108" elapsed="0.002206"/>
</test>
<test id="s1-s3-t4" name="Test with FOR loops and Dictionaries" line="37">
<kw name="Log To Console" owner="BuiltIn">
<arg>\n---- Logs the keys: ----</arg>
<doc>Logs the given message to the console.</doc>
<status status="PASS" start="2025-04-14T10:57:37.419623" elapsed="0.000094"/>
</kw>
<for flavor="IN">
<iter>
<kw name="Log To Console" owner="BuiltIn">
<arg>key: ${key}</arg>
<doc>Logs the given message to the console.</doc>
<status status="PASS" start="2025-04-14T10:57:37.419979" elapsed="0.000110"/>
</kw>
<kw name="Log To Console" owner="BuiltIn">
<arg>dict[key]: ${IRONMAN}[${key}]</arg>
<doc>Logs the given message to the console.</doc>
<status status="PASS" start="2025-04-14T10:57:37.420156" elapsed="0.000122"/>
</kw>
<var name="${key}">login</var>
<status status="PASS" start="2025-04-14T10:57:37.419923" elapsed="0.000379"/>
</iter>
<iter>
<kw name="Log To Console" owner="BuiltIn">
<arg>key: ${key}</arg>
<doc>Logs the given message to the console.</doc>
<status status="PASS" start="2025-04-14T10:57:37.420417" elapsed="0.000098"/>
</kw>
<kw name="Log To Console" owner="BuiltIn">
<arg>dict[key]: ${IRONMAN}[${key}]</arg>
<doc>Logs the given message to the console.</doc>
<status status="PASS" start="2025-04-14T10:57:37.420574" elapsed="0.000114"/>
</kw>
<var name="${key}">password</var>
<status status="PASS" start="2025-04-14T10:57:37.420366" elapsed="0.000345"/>
</iter>
<iter>
<kw name="Log To Console" owner="BuiltIn">
<arg>key: ${key}</arg>
<doc>Logs the given message to the console.</doc>
<status status="PASS" start="2025-04-14T10:57:37.420819" elapsed="0.000094"/>
</kw>
<kw name="Log To Console" owner="BuiltIn">
<arg>dict[key]: ${IRONMAN}[${key}]</arg>
<doc>Logs the given message to the console.</doc>
<status status="PASS" start="2025-04-14T10:57:37.420972" elapsed="0.000112"/>
</kw>
<var name="${key}">name</var>
<status status="PASS" start="2025-04-14T10:57:37.420768" elapsed="0.000339"/>
</iter>
<iter>
<kw name="Log To Console" owner="BuiltIn">
<arg>key: ${key}</arg>
<doc>Logs the given message to the console.</doc>
<status status="PASS" start="2025-04-14T10:57:37.421207" elapsed="0.000094"/>
</kw>
<kw name="Log To Console" owner="BuiltIn">
<arg>dict[key]: ${IRONMAN}[${key}]</arg>
<doc>Logs the given message to the console.</doc>
<status status="PASS" start="2025-04-14T10:57:37.421358" elapsed="0.000117"/>
</kw>
<var name="${key}">right</var>
<status status="PASS" start="2025-04-14T10:57:37.421161" elapsed="0.000338"/>
</iter>
<iter>
<kw name="Log To Console" owner="BuiltIn">
<arg>key: ${key}</arg>
<doc>Logs the given message to the console.</doc>
<status status="PASS" start="2025-04-14T10:57:37.421601" elapsed="0.000094"/>
</kw>
<kw name="Log To Console" owner="BuiltIn">
<arg>dict[key]: ${IRONMAN}[${key}]</arg>
<doc>Logs the given message to the console.</doc>
<status status="PASS" start="2025-04-14T10:57:37.421752" elapsed="0.000116"/>
</kw>
<var name="${key}">active</var>
<status status="PASS" start="2025-04-14T10:57:37.421555" elapsed="0.000336"/>
</iter>
<var>${key}</var>
<value>@{IRONMAN}</value>
<status status="PASS" start="2025-04-14T10:57:37.419778" elapsed="0.002132"/>
</for>
<kw name="Log To Console" owner="BuiltIn">
<arg>---- Logs Keys &amp; Values ----</arg>
<doc>Logs the given message to the console.</doc>
<status status="PASS" start="2025-04-14T10:57:37.421987" elapsed="0.000073"/>
</kw>
<for flavor="IN">
<iter>
<kw name="Log To Console" owner="BuiltIn">
<arg>${key} : ${value}</arg>
<doc>Logs the given message to the console.</doc>
<status status="PASS" start="2025-04-14T10:57:37.422259" elapsed="0.000119"/>
</kw>
<var name="${key}">login</var>
<var name="${value}">spider</var>
<status status="PASS" start="2025-04-14T10:57:37.422213" elapsed="0.000189"/>
</iter>
<iter>
<kw name="Log To Console" owner="BuiltIn">
<arg>${key} : ${value}</arg>
<doc>Logs the given message to the console.</doc>
<status status="PASS" start="2025-04-14T10:57:37.422514" elapsed="0.000111"/>
</kw>
<var name="${key}">password</var>
<var name="${value}">123spiderman321</var>
<status status="PASS" start="2025-04-14T10:57:37.422467" elapsed="0.000182"/>
</iter>
<iter>
<kw name="Log To Console" owner="BuiltIn">
<arg>${key} : ${value}</arg>
<doc>Logs the given message to the console.</doc>
<status status="PASS" start="2025-04-14T10:57:37.422753" elapsed="0.000107"/>
</kw>
<var name="${key}">name</var>
<var name="${value}">Peter Parker</var>
<status status="PASS" start="2025-04-14T10:57:37.422710" elapsed="0.000173"/>
</iter>
<iter>
<kw name="Log To Console" owner="BuiltIn">
<arg>${key} : ${value}</arg>
<doc>Logs the given message to the console.</doc>
<status status="PASS" start="2025-04-14T10:57:37.423027" elapsed="0.000114"/>
</kw>
<var name="${key}">right</var>
<var name="${value}">user</var>
<status status="PASS" start="2025-04-14T10:57:37.422979" elapsed="0.000187"/>
</iter>
<iter>
<kw name="Log To Console" owner="BuiltIn">
<arg>${key} : ${value}</arg>
<doc>Logs the given message to the console.</doc>
<status status="PASS" start="2025-04-14T10:57:37.423277" elapsed="0.000121"/>
</kw>
<var name="${key}">active</var>
<var name="${value}">True</var>
<status status="PASS" start="2025-04-14T10:57:37.423229" elapsed="0.000194"/>
</iter>
<var>${key}</var>
<var>${value}</var>
<value>&amp;{SPIDERMAN}</value>
<status status="PASS" start="2025-04-14T10:57:37.422109" elapsed="0.001337"/>
</for>
<status status="PASS" start="2025-04-14T10:57:37.419432" elapsed="0.004102"/>
</test>
<status status="PASS" start="2025-04-14T10:57:37.406214" elapsed="0.017500"/>
</suite>
<suite id="s1-s4" name="In Range Test" source="/home/nguyenvh/Sync/3a/stage_stet/projet_dho/automated-log-analysis/tests/in_range_test.robot">
<test id="s1-s4-t1" name="Loop 10 times" line="7">
<kw name="Log To Console" owner="BuiltIn">
<arg>start: 0 ,inc: 1 , end:10</arg>
<doc>Logs the given message to the console.</doc>
<status status="PASS" start="2025-04-14T10:57:37.425193" elapsed="0.000098"/>
</kw>
<for flavor="IN RANGE">
<iter>
<kw name="Log To Console" owner="BuiltIn">
<arg>${num}</arg>
<doc>Logs the given message to the console.</doc>
<status status="PASS" start="2025-04-14T10:57:37.425499" elapsed="0.000107"/>
</kw>
<var name="${num}">0</var>
<status status="PASS" start="2025-04-14T10:57:37.425446" elapsed="0.000188"/>
</iter>
<iter>
<kw name="Log To Console" owner="BuiltIn">
<arg>${num}</arg>
<doc>Logs the given message to the console.</doc>
<status status="PASS" start="2025-04-14T10:57:37.425739" elapsed="0.000099"/>
</kw>
<var name="${num}">1</var>
<status status="PASS" start="2025-04-14T10:57:37.425690" elapsed="0.000173"/>
</iter>
<iter>
<kw name="Log To Console" owner="BuiltIn">
<arg>${num}</arg>
<doc>Logs the given message to the console.</doc>
<status status="PASS" start="2025-04-14T10:57:37.425964" elapsed="0.000093"/>
</kw>
<var name="${num}">2</var>
<status status="PASS" start="2025-04-14T10:57:37.425918" elapsed="0.000163"/>
</iter>
<iter>
<kw name="Log To Console" owner="BuiltIn">
<arg>${num}</arg>
<doc>Logs the given message to the console.</doc>
<status status="PASS" start="2025-04-14T10:57:37.426177" elapsed="0.000091"/>
</kw>
<var name="${num}">3</var>
<status status="PASS" start="2025-04-14T10:57:37.426133" elapsed="0.000160"/>
</iter>
<iter>
<kw name="Log To Console" owner="BuiltIn">
<arg>${num}</arg>
<doc>Logs the given message to the console.</doc>
<status status="PASS" start="2025-04-14T10:57:37.426401" elapsed="0.000211"/>
</kw>
<var name="${num}">4</var>
<status status="PASS" start="2025-04-14T10:57:37.426345" elapsed="0.000353"/>
</iter>
<iter>
<kw name="Log To Console" owner="BuiltIn">
<arg>${num}</arg>
<doc>Logs the given message to the console.</doc>
<status status="PASS" start="2025-04-14T10:57:37.426803" elapsed="0.000123"/>
</kw>
<var name="${num}">5</var>
<status status="PASS" start="2025-04-14T10:57:37.426755" elapsed="0.000202"/>
</iter>
<iter>
<kw name="Log To Console" owner="BuiltIn">
<arg>${num}</arg>
<doc>Logs the given message to the console.</doc>
<status status="PASS" start="2025-04-14T10:57:37.427088" elapsed="0.000132"/>
</kw>
<var name="${num}">6</var>
<status status="PASS" start="2025-04-14T10:57:37.427026" elapsed="0.000227"/>
</iter>
<iter>
<kw name="Log To Console" owner="BuiltIn">
<arg>${num}</arg>
<doc>Logs the given message to the console.</doc>
<status status="PASS" start="2025-04-14T10:57:37.427390" elapsed="0.000132"/>
</kw>
<var name="${num}">7</var>
<status status="PASS" start="2025-04-14T10:57:37.427322" elapsed="0.000231"/>
</iter>
<iter>
<kw name="Log To Console" owner="BuiltIn">
<arg>${num}</arg>
<doc>Logs the given message to the console.</doc>
<status status="PASS" start="2025-04-14T10:57:37.427674" elapsed="0.000114"/>
</kw>
<var name="${num}">8</var>
<status status="PASS" start="2025-04-14T10:57:37.427621" elapsed="0.000198"/>
</iter>
<iter>
<kw name="Log To Console" owner="BuiltIn">
<arg>${num}</arg>
<doc>Logs the given message to the console.</doc>
<status status="PASS" start="2025-04-14T10:57:37.427937" elapsed="0.000116"/>
</kw>
<var name="${num}">9</var>
<status status="PASS" start="2025-04-14T10:57:37.427885" elapsed="0.000198"/>
</iter>
<var>${num}</var>
<value>10</value>
<status status="PASS" start="2025-04-14T10:57:37.425350" elapsed="0.002758"/>
</for>
<status status="PASS" start="2025-04-14T10:57:37.424902" elapsed="0.003333"/>
</test>
<test id="s1-s4-t2" name="Loop 10 times starting with 1" line="13">
<kw name="Log To Console" owner="BuiltIn">
<arg>start: 1 ,inc: 1 , end:11</arg>
<doc>Logs the given message to the console.</doc>
<status status="PASS" start="2025-04-14T10:57:37.428639" elapsed="0.000094"/>
</kw>
<for flavor="IN RANGE">
<iter>
<kw name="Log To Console" owner="BuiltIn">
<arg>${num}</arg>
<doc>Logs the given message to the console.</doc>
<status status="PASS" start="2025-04-14T10:57:37.428958" elapsed="0.000112"/>
</kw>
<var name="${num}">1</var>
<status status="PASS" start="2025-04-14T10:57:37.428905" elapsed="0.000192"/>
</iter>
<iter>
<kw name="Log To Console" owner="BuiltIn">
<arg>${num}</arg>
<doc>Logs the given message to the console.</doc>
<status status="PASS" start="2025-04-14T10:57:37.429200" elapsed="0.000108"/>
</kw>
<var name="${num}">2</var>
<status status="PASS" start="2025-04-14T10:57:37.429154" elapsed="0.000179"/>
</iter>
<iter>
<kw name="Log To Console" owner="BuiltIn">
<arg>${num}</arg>
<doc>Logs the given message to the console.</doc>
<status status="PASS" start="2025-04-14T10:57:37.429438" elapsed="0.000091"/>
</kw>
<var name="${num}">3</var>
<status status="PASS" start="2025-04-14T10:57:37.429391" elapsed="0.000163"/>
</iter>
<iter>
<kw name="Log To Console" owner="BuiltIn">
<arg>${num}</arg>
<doc>Logs the given message to the console.</doc>
<status status="PASS" start="2025-04-14T10:57:37.429647" elapsed="0.000089"/>
</kw>
<var name="${num}">4</var>
<status status="PASS" start="2025-04-14T10:57:37.429604" elapsed="0.000156"/>
</iter>
<iter>
<kw name="Log To Console" owner="BuiltIn">
<arg>${num}</arg>
<doc>Logs the given message to the console.</doc>
<status status="PASS" start="2025-04-14T10:57:37.429854" elapsed="0.000088"/>
</kw>
<var name="${num}">5</var>
<status status="PASS" start="2025-04-14T10:57:37.429812" elapsed="0.000152"/>
</iter>
<iter>
<kw name="Log To Console" owner="BuiltIn">
<arg>${num}</arg>
<doc>Logs the given message to the console.</doc>
<status status="PASS" start="2025-04-14T10:57:37.430055" elapsed="0.000088"/>
</kw>
<var name="${num}">6</var>
<status status="PASS" start="2025-04-14T10:57:37.430014" elapsed="0.000151"/>
</iter>
<iter>
<kw name="Log To Console" owner="BuiltIn">
<arg>${num}</arg>
<doc>Logs the given message to the console.</doc>
<status status="PASS" start="2025-04-14T10:57:37.430258" elapsed="0.000092"/>
</kw>
<var name="${num}">7</var>
<status status="PASS" start="2025-04-14T10:57:37.430216" elapsed="0.000160"/>
</iter>
<iter>
<kw name="Log To Console" owner="BuiltIn">
<arg>${num}</arg>
<doc>Logs the given message to the console.</doc>
<status status="PASS" start="2025-04-14T10:57:37.430470" elapsed="0.000243"/>
</kw>
<var name="${num}">8</var>
<status status="PASS" start="2025-04-14T10:57:37.430426" elapsed="0.000314"/>
</iter>
<iter>
<kw name="Log To Console" owner="BuiltIn">
<arg>${num}</arg>
<doc>Logs the given message to the console.</doc>
<status status="PASS" start="2025-04-14T10:57:37.430852" elapsed="0.000104"/>
</kw>
<var name="${num}">9</var>
<status status="PASS" start="2025-04-14T10:57:37.430799" elapsed="0.000186"/>
</iter>
<var>${num}</var>
<value>1</value>
<value>10</value>
<status status="PASS" start="2025-04-14T10:57:37.428796" elapsed="0.002212"/>
</for>
<status status="PASS" start="2025-04-14T10:57:37.428390" elapsed="0.002771"/>
</test>
<test id="s1-s4-t3" name="Loop starting with 0 to 100 in steps of 5" line="19">
<kw name="Log To Console" owner="BuiltIn">
<arg>start: 1 ,inc: 1 , end:11</arg>
<doc>Logs the given message to the console.</doc>
<status status="PASS" start="2025-04-14T10:57:37.431543" elapsed="0.000096"/>
</kw>
<for flavor="IN RANGE">
<iter>
<kw name="Log To Console" owner="BuiltIn">
<arg>${num}</arg>
<doc>Logs the given message to the console.</doc>
<status status="PASS" start="2025-04-14T10:57:37.431851" elapsed="0.000214"/>
</kw>
<var name="${num}">0</var>
<status status="PASS" start="2025-04-14T10:57:37.431794" elapsed="0.000299"/>
</iter>
<iter>
<kw name="Log To Console" owner="BuiltIn">
<arg>${num}</arg>
<doc>Logs the given message to the console.</doc>
<status status="PASS" start="2025-04-14T10:57:37.432198" elapsed="0.000101"/>
</kw>
<var name="${num}">5</var>
<status status="PASS" start="2025-04-14T10:57:37.432150" elapsed="0.000173"/>
</iter>
<iter>
<kw name="Log To Console" owner="BuiltIn">
<arg>${num}</arg>
<doc>Logs the given message to the console.</doc>
<status status="PASS" start="2025-04-14T10:57:37.432423" elapsed="0.000093"/>
</kw>
<var name="${num}">10</var>
<status status="PASS" start="2025-04-14T10:57:37.432378" elapsed="0.000163"/>
</iter>
<iter>
<kw name="Log To Console" owner="BuiltIn">
<arg>${num}</arg>
<doc>Logs the given message to the console.</doc>
<status status="PASS" start="2025-04-14T10:57:37.432638" elapsed="0.000093"/>
</kw>
<var name="${num}">15</var>
<status status="PASS" start="2025-04-14T10:57:37.432592" elapsed="0.000164"/>
</iter>
<iter>
<kw name="Log To Console" owner="BuiltIn">
<arg>${num}</arg>
<doc>Logs the given message to the console.</doc>
<status status="PASS" start="2025-04-14T10:57:37.432852" elapsed="0.000093"/>
</kw>
<var name="${num}">20</var>
<status status="PASS" start="2025-04-14T10:57:37.432808" elapsed="0.000162"/>
</iter>
<iter>
<kw name="Log To Console" owner="BuiltIn">
<arg>${num}</arg>
<doc>Logs the given message to the console.</doc>
<status status="PASS" start="2025-04-14T10:57:37.433068" elapsed="0.000092"/>
</kw>
<var name="${num}">25</var>
<status status="PASS" start="2025-04-14T10:57:37.433023" elapsed="0.000160"/>
</iter>
<iter>
<kw name="Log To Console" owner="BuiltIn">
<arg>${num}</arg>
<doc>Logs the given message to the console.</doc>
<status status="PASS" start="2025-04-14T10:57:37.433276" elapsed="0.000090"/>
</kw>
<var name="${num}">30</var>
<status status="PASS" start="2025-04-14T10:57:37.433233" elapsed="0.000159"/>
</iter>
<iter>
<kw name="Log To Console" owner="BuiltIn">
<arg>${num}</arg>
<doc>Logs the given message to the console.</doc>
<status status="PASS" start="2025-04-14T10:57:37.433484" elapsed="0.000088"/>
</kw>
<var name="${num}">35</var>
<status status="PASS" start="2025-04-14T10:57:37.433442" elapsed="0.000153"/>
</iter>
<iter>
<kw name="Log To Console" owner="BuiltIn">
<arg>${num}</arg>
<doc>Logs the given message to the console.</doc>
<status status="PASS" start="2025-04-14T10:57:37.433685" elapsed="0.000087"/>
</kw>
<var name="${num}">40</var>
<status status="PASS" start="2025-04-14T10:57:37.433644" elapsed="0.000151"/>
</iter>
<iter>
<kw name="Log To Console" owner="BuiltIn">
<arg>${num}</arg>
<doc>Logs the given message to the console.</doc>
<status status="PASS" start="2025-04-14T10:57:37.433883" elapsed="0.000088"/>
</kw>
<var name="${num}">45</var>
<status status="PASS" start="2025-04-14T10:57:37.433843" elapsed="0.000150"/>
</iter>
<iter>
<kw name="Log To Console" owner="BuiltIn">
<arg>${num}</arg>
<doc>Logs the given message to the console.</doc>
<status status="PASS" start="2025-04-14T10:57:37.434082" elapsed="0.000088"/>
</kw>
<var name="${num}">50</var>
<status status="PASS" start="2025-04-14T10:57:37.434042" elapsed="0.000151"/>
</iter>
<iter>
<kw name="Log To Console" owner="BuiltIn">
<arg>${num}</arg>
<doc>Logs the given message to the console.</doc>
<status status="PASS" start="2025-04-14T10:57:37.434283" elapsed="0.000089"/>
</kw>
<var name="${num}">55</var>
<status status="PASS" start="2025-04-14T10:57:37.434242" elapsed="0.000153"/>
</iter>
<iter>
<kw name="Log To Console" owner="BuiltIn">
<arg>${num}</arg>
<doc>Logs the given message to the console.</doc>
<status status="PASS" start="2025-04-14T10:57:37.434485" elapsed="0.000087"/>
</kw>
<var name="${num}">60</var>
<status status="PASS" start="2025-04-14T10:57:37.434444" elapsed="0.000151"/>
</iter>
<iter>
<kw name="Log To Console" owner="BuiltIn">
<arg>${num}</arg>
<doc>Logs the given message to the console.</doc>
<status status="PASS" start="2025-04-14T10:57:37.434685" elapsed="0.000089"/>
</kw>
<var name="${num}">65</var>
<status status="PASS" start="2025-04-14T10:57:37.434644" elapsed="0.000154"/>
</iter>
<iter>
<kw name="Log To Console" owner="BuiltIn">
<arg>${num}</arg>
<doc>Logs the given message to the console.</doc>
<status status="PASS" start="2025-04-14T10:57:37.434889" elapsed="0.000089"/>
</kw>
<var name="${num}">70</var>
<status status="PASS" start="2025-04-14T10:57:37.434848" elapsed="0.000153"/>
</iter>
<iter>
<kw name="Log To Console" owner="BuiltIn">
<arg>${num}</arg>
<doc>Logs the given message to the console.</doc>
<status status="PASS" start="2025-04-14T10:57:37.435091" elapsed="0.000088"/>
</kw>
<var name="${num}">75</var>
<status status="PASS" start="2025-04-14T10:57:37.435050" elapsed="0.000152"/>
</iter>
<iter>
<kw name="Log To Console" owner="BuiltIn">
<arg>${num}</arg>
<doc>Logs the given message to the console.</doc>
<status status="PASS" start="2025-04-14T10:57:37.435290" elapsed="0.000089"/>
</kw>
<var name="${num}">80</var>
<status status="PASS" start="2025-04-14T10:57:37.435250" elapsed="0.000152"/>
</iter>
<iter>
<kw name="Log To Console" owner="BuiltIn">
<arg>${num}</arg>
<doc>Logs the given message to the console.</doc>
<status status="PASS" start="2025-04-14T10:57:37.435493" elapsed="0.000087"/>
</kw>
<var name="${num}">85</var>
<status status="PASS" start="2025-04-14T10:57:37.435452" elapsed="0.000150"/>
</iter>
<iter>
<kw name="Log To Console" owner="BuiltIn">
<arg>${num}</arg>
<doc>Logs the given message to the console.</doc>
<status status="PASS" start="2025-04-14T10:57:37.435693" elapsed="0.000087"/>
</kw>
<var name="${num}">90</var>
<status status="PASS" start="2025-04-14T10:57:37.435651" elapsed="0.000152"/>
</iter>
<iter>
<kw name="Log To Console" owner="BuiltIn">
<arg>${num}</arg>
<doc>Logs the given message to the console.</doc>
<status status="PASS" start="2025-04-14T10:57:37.435892" elapsed="0.000086"/>
</kw>
<var name="${num}">95</var>
<status status="PASS" start="2025-04-14T10:57:37.435851" elapsed="0.000150"/>
</iter>
<iter>
<kw name="Log To Console" owner="BuiltIn">
<arg>${num}</arg>
<doc>Logs the given message to the console.</doc>
<status status="PASS" start="2025-04-14T10:57:37.436090" elapsed="0.000085"/>
</kw>
<var name="${num}">100</var>
<status status="PASS" start="2025-04-14T10:57:37.436050" elapsed="0.000148"/>
</iter>
<var>${num}</var>
<value>0</value>
<value>101</value>
<value>5</value>
<status status="PASS" start="2025-04-14T10:57:37.431695" elapsed="0.004522"/>
</for>
<status status="PASS" start="2025-04-14T10:57:37.431304" elapsed="0.005007"/>
</test>
<test id="s1-s4-t4" name="Countdown from 10 to 0 in 10 seconds" line="25">
<kw name="Log To Console" owner="BuiltIn">
<arg>start: 1 ,inc: 1 , end:11</arg>
<doc>Logs the given message to the console.</doc>
<status status="PASS" start="2025-04-14T10:57:37.436624" elapsed="0.000074"/>
</kw>
<for flavor="IN RANGE">
<iter>
<kw name="Log To Console" owner="BuiltIn">
<arg>${num}</arg>
<doc>Logs the given message to the console.</doc>
<status status="PASS" start="2025-04-14T10:57:37.436896" elapsed="0.000115"/>
</kw>
<kw name="Exit For Loop If" owner="BuiltIn">
<arg>${num} == 0</arg>
<doc>Stops executing the enclosing FOR loop if the ``condition`` is true.</doc>
<status status="PASS" start="2025-04-14T10:57:37.437083" elapsed="0.000166"/>
</kw>
<var name="${num}">10</var>
<status status="PASS" start="2025-04-14T10:57:37.436847" elapsed="0.000430"/>
</iter>
<iter>
<kw name="Log To Console" owner="BuiltIn">
<arg>${num}</arg>
<doc>Logs the given message to the console.</doc>
<status status="PASS" start="2025-04-14T10:57:37.437606" elapsed="0.000117"/>
</kw>
<kw name="Exit For Loop If" owner="BuiltIn">
<arg>${num} == 0</arg>
<doc>Stops executing the enclosing FOR loop if the ``condition`` is true.</doc>
<status status="PASS" start="2025-04-14T10:57:37.437804" elapsed="0.000249"/>
</kw>
<var name="${num}">9</var>
<status status="PASS" start="2025-04-14T10:57:37.437548" elapsed="0.000534"/>
</iter>
<iter>
<kw name="Log To Console" owner="BuiltIn">
<arg>${num}</arg>
<doc>Logs the given message to the console.</doc>
<status status="PASS" start="2025-04-14T10:57:37.438212" elapsed="0.000104"/>
</kw>
<kw name="Exit For Loop If" owner="BuiltIn">
<arg>${num} == 0</arg>
<doc>Stops executing the enclosing FOR loop if the ``condition`` is true.</doc>
<status status="PASS" start="2025-04-14T10:57:37.438385" elapsed="0.000170"/>
</kw>
<var name="${num}">8</var>
<status status="PASS" start="2025-04-14T10:57:37.438150" elapsed="0.000430"/>
</iter>
<iter>
<kw name="Log To Console" owner="BuiltIn">
<arg>${num}</arg>
<doc>Logs the given message to the console.</doc>
<status status="PASS" start="2025-04-14T10:57:37.438685" elapsed="0.000097"/>
</kw>
<kw name="Exit For Loop If" owner="BuiltIn">
<arg>${num} == 0</arg>
<doc>Stops executing the enclosing FOR loop if the ``condition`` is true.</doc>
<status status="PASS" start="2025-04-14T10:57:37.438841" elapsed="0.000134"/>
</kw>
<var name="${num}">7</var>
<status status="PASS" start="2025-04-14T10:57:37.438640" elapsed="0.000360"/>
</iter>
<iter>
<kw name="Log To Console" owner="BuiltIn">
<arg>${num}</arg>
<doc>Logs the given message to the console.</doc>
<status status="PASS" start="2025-04-14T10:57:37.439102" elapsed="0.000100"/>
</kw>
<kw name="Exit For Loop If" owner="BuiltIn">
<arg>${num} == 0</arg>
<doc>Stops executing the enclosing FOR loop if the ``condition`` is true.</doc>
<status status="PASS" start="2025-04-14T10:57:37.439259" elapsed="0.000149"/>
</kw>
<var name="${num}">6</var>
<status status="PASS" start="2025-04-14T10:57:37.439057" elapsed="0.000378"/>
</iter>
<iter>
<kw name="Log To Console" owner="BuiltIn">
<arg>${num}</arg>
<doc>Logs the given message to the console.</doc>
<status status="PASS" start="2025-04-14T10:57:37.439543" elapsed="0.000098"/>
</kw>
<kw name="Exit For Loop If" owner="BuiltIn">
<arg>${num} == 0</arg>
<doc>Stops executing the enclosing FOR loop if the ``condition`` is true.</doc>
<status status="PASS" start="2025-04-14T10:57:37.439701" elapsed="0.000132"/>
</kw>
<var name="${num}">5</var>
<status status="PASS" start="2025-04-14T10:57:37.439495" elapsed="0.000362"/>
</iter>
<iter>
<kw name="Log To Console" owner="BuiltIn">
<arg>${num}</arg>
<doc>Logs the given message to the console.</doc>
<status status="PASS" start="2025-04-14T10:57:37.439959" elapsed="0.000095"/>
</kw>
<kw name="Exit For Loop If" owner="BuiltIn">
<arg>${num} == 0</arg>
<doc>Stops executing the enclosing FOR loop if the ``condition`` is true.</doc>
<status status="PASS" start="2025-04-14T10:57:37.440119" elapsed="0.000131"/>
</kw>
<var name="${num}">4</var>
<status status="PASS" start="2025-04-14T10:57:37.439915" elapsed="0.000359"/>
</iter>
<iter>
<kw name="Log To Console" owner="BuiltIn">
<arg>${num}</arg>
<doc>Logs the given message to the console.</doc>
<status status="PASS" start="2025-04-14T10:57:37.440377" elapsed="0.000092"/>
</kw>
<kw name="Exit For Loop If" owner="BuiltIn">
<arg>${num} == 0</arg>
<doc>Stops executing the enclosing FOR loop if the ``condition`` is true.</doc>
<status status="PASS" start="2025-04-14T10:57:37.440526" elapsed="0.000129"/>
</kw>
<var name="${num}">3</var>
<status status="PASS" start="2025-04-14T10:57:37.440330" elapsed="0.000348"/>
</iter>
<iter>
<kw name="Log To Console" owner="BuiltIn">
<arg>${num}</arg>
<doc>Logs the given message to the console.</doc>
<status status="PASS" start="2025-04-14T10:57:37.440782" elapsed="0.000093"/>
</kw>
<kw name="Exit For Loop If" owner="BuiltIn">
<arg>${num} == 0</arg>
<doc>Stops executing the enclosing FOR loop if the ``condition`` is true.</doc>
<status status="PASS" start="2025-04-14T10:57:37.440932" elapsed="0.000128"/>
</kw>
<var name="${num}">2</var>
<status status="PASS" start="2025-04-14T10:57:37.440734" elapsed="0.000350"/>
</iter>
<iter>
<kw name="Log To Console" owner="BuiltIn">
<arg>${num}</arg>
<doc>Logs the given message to the console.</doc>
<status status="PASS" start="2025-04-14T10:57:37.441185" elapsed="0.000090"/>
</kw>
<kw name="Exit For Loop If" owner="BuiltIn">
<arg>${num} == 0</arg>
<doc>Stops executing the enclosing FOR loop if the ``condition`` is true.</doc>
<status status="PASS" start="2025-04-14T10:57:37.441331" elapsed="0.000132"/>
</kw>
<var name="${num}">1</var>
<status status="PASS" start="2025-04-14T10:57:37.441143" elapsed="0.000468"/>
</iter>
<iter>
<kw name="Log To Console" owner="BuiltIn">
<arg>${num}</arg>
<doc>Logs the given message to the console.</doc>
<status status="PASS" start="2025-04-14T10:57:37.441710" elapsed="0.000096"/>
</kw>
<kw name="Exit For Loop If" owner="BuiltIn">
<msg time="2025-04-14T10:57:37.442002" level="INFO">Exiting for loop altogether.</msg>
<arg>${num} == 0</arg>
<doc>Stops executing the enclosing FOR loop if the ``condition`` is true.</doc>
<status status="PASS" start="2025-04-14T10:57:37.441870" elapsed="0.000182"/>
</kw>
<var name="${num}">0</var>
<status status="PASS" start="2025-04-14T10:57:37.441667" elapsed="0.000411"/>
</iter>
<var>${num}</var>
<value>10</value>
<value>-1</value>
<value>-1</value>
<status status="PASS" start="2025-04-14T10:57:37.436747" elapsed="0.005351"/>
</for>
<kw name="Log To Console" owner="BuiltIn">
<arg>🎉🥳 HAPPY NEW YEAR !!! 🍾</arg>
<doc>Logs the given message to the console.</doc>
<status status="PASS" start="2025-04-14T10:57:37.442185" elapsed="0.000083"/>
</kw>
<status status="PASS" start="2025-04-14T10:57:37.436432" elapsed="0.005926"/>
</test>
<doc>IN RANGE can get between 1 and 3 arguments.
Be aware that as in python the "end" is excluded.</doc>
<status status="PASS" start="2025-04-14T10:57:37.424041" elapsed="0.018508"/>
</suite>
<suite id="s1-s5" name="List" source="/home/nguyenvh/Sync/3a/stage_stet/projet_dho/automated-log-analysis/tests/list.robot">
<test id="s1-s5-t1" name="List Variables unpacked" line="10">
<kw name="Log To Console" owner="BuiltIn">
<arg>Lists the Alphabeth</arg>
<doc>Logs the given message to the console.</doc>
<status status="PASS" start="2025-04-14T10:57:37.444166" elapsed="0.000194"/>
</kw>
<kw name="Log Many" owner="BuiltIn">
<msg time="2025-04-14T10:57:37.444564" level="INFO">a</msg>
<msg time="2025-04-14T10:57:37.444587" level="INFO">b</msg>
<msg time="2025-04-14T10:57:37.444603" level="INFO">c</msg>
<msg time="2025-04-14T10:57:37.444618" level="INFO">d</msg>
<msg time="2025-04-14T10:57:37.444632" level="INFO">e</msg>
<msg time="2025-04-14T10:57:37.444646" level="INFO">f</msg>
<msg time="2025-04-14T10:57:37.444659" level="INFO">g</msg>
<msg time="2025-04-14T10:57:37.444672" level="INFO">h</msg>
<msg time="2025-04-14T10:57:37.444685" level="INFO">i</msg>
<msg time="2025-04-14T10:57:37.444698" level="INFO">j</msg>
<msg time="2025-04-14T10:57:37.444711" level="INFO">k</msg>
<msg time="2025-04-14T10:57:37.444724" level="INFO">l</msg>
<msg time="2025-04-14T10:57:37.444736" level="INFO">m</msg>
<msg time="2025-04-14T10:57:37.444748" level="INFO">n</msg>
<msg time="2025-04-14T10:57:37.444760" level="INFO">o</msg>
<msg time="2025-04-14T10:57:37.444773" level="INFO">p</msg>
<msg time="2025-04-14T10:57:37.444785" level="INFO">q</msg>
<msg time="2025-04-14T10:57:37.444798" level="INFO">r</msg>
<msg time="2025-04-14T10:57:37.444810" level="INFO">s</msg>
<msg time="2025-04-14T10:57:37.444822" level="INFO">t</msg>
<msg time="2025-04-14T10:57:37.444835" level="INFO">u</msg>
<msg time="2025-04-14T10:57:37.444849" level="INFO">v</msg>
<msg time="2025-04-14T10:57:37.444861" level="INFO">w</msg>
<msg time="2025-04-14T10:57:37.444874" level="INFO">x</msg>
<msg time="2025-04-14T10:57:37.444886" level="INFO">y</msg>
<msg time="2025-04-14T10:57:37.444928" level="INFO">z</msg>
<arg>@{LETTERS}</arg>
<doc>Logs the given messages as separate entries using the INFO level.</doc>
<status status="PASS" start="2025-04-14T10:57:37.444471" elapsed="0.000482"/>
</kw>
<kw name="Log Many" owner="BuiltIn">
<msg time="2025-04-14T10:57:37.445099" level="INFO">a</msg>
<msg time="2025-04-14T10:57:37.445120" level="INFO">b</msg>
<msg time="2025-04-14T10:57:37.445139" level="INFO">c</msg>
<msg time="2025-04-14T10:57:37.445156" level="INFO">d</msg>
<msg time="2025-04-14T10:57:37.445174" level="INFO">e</msg>
<msg time="2025-04-14T10:57:37.445190" level="INFO">f</msg>
<msg time="2025-04-14T10:57:37.445207" level="INFO">g</msg>
<msg time="2025-04-14T10:57:37.445223" level="INFO">h</msg>
<msg time="2025-04-14T10:57:37.445239" level="INFO">i</msg>
<msg time="2025-04-14T10:57:37.445256" level="INFO">j</msg>
<msg time="2025-04-14T10:57:37.445272" level="INFO">k</msg>
<msg time="2025-04-14T10:57:37.445288" level="INFO">l</msg>
<msg time="2025-04-14T10:57:37.445304" level="INFO">m</msg>
<msg time="2025-04-14T10:57:37.445320" level="INFO">n</msg>
<msg time="2025-04-14T10:57:37.445336" level="INFO">o</msg>
<msg time="2025-04-14T10:57:37.445352" level="INFO">p</msg>
<msg time="2025-04-14T10:57:37.445368" level="INFO">q</msg>
<msg time="2025-04-14T10:57:37.445388" level="INFO">r</msg>
<msg time="2025-04-14T10:57:37.445403" level="INFO">s</msg>
<msg time="2025-04-14T10:57:37.445419" level="INFO">t</msg>
<msg time="2025-04-14T10:57:37.445434" level="INFO">u</msg>
<msg time="2025-04-14T10:57:37.445449" level="INFO">v</msg>
<msg time="2025-04-14T10:57:37.445464" level="INFO">w</msg>
<msg time="2025-04-14T10:57:37.445479" level="INFO">x</msg>
<msg time="2025-04-14T10:57:37.445495" level="INFO">y</msg>
<msg time="2025-04-14T10:57:37.445512" level="INFO">z</msg>
<arg>a</arg>
<arg>b</arg>
<arg>c</arg>
<arg>d</arg>
<arg>e</arg>
<arg>f</arg>
<arg>g</arg>
<arg>h</arg>
<arg>i</arg>
<arg>j</arg>
<arg>k</arg>
<arg>l</arg>
<arg>m</arg>
<arg>n</arg>
<arg>o</arg>
<arg>p</arg>
<arg>q</arg>
<arg>r</arg>
<arg>s</arg>
<arg>t</arg>
<arg>u</arg>
<arg>v</arg>
<arg>w</arg>
<arg>x</arg>
<arg>y</arg>
<arg>z</arg>
<doc>Logs the given messages as separate entries using the INFO level.</doc>
<status status="PASS" start="2025-04-14T10:57:37.445042" elapsed="0.000492"/>
</kw>
<kw name="Log" owner="BuiltIn">
<msg time="2025-04-14T10:57:37.445752" level="INFO">['a', 'b', 'c', 'd', 'e', 'f', 'g', 'h', 'i', 'j', 'k', 'l', 'm', 'n', 'o', 'p', 'q', 'r', 's', 't', 'u', 'v', 'w', 'x', 'y', 'z']</msg>
<arg>${LETTERS}</arg>
<doc>Logs the given message with the given level.</doc>
<status status="PASS" start="2025-04-14T10:57:37.445658" elapsed="0.000125"/>
</kw>
<kw name="Log" owner="BuiltIn">
<msg time="2025-04-14T10:57:37.445958" level="FAIL">Keyword 'BuiltIn.Log' expected 1 to 6 arguments, got 26.</msg>
<arg>@{LETTERS}</arg>
<doc>Logs the given message with the given level.</doc>
<status status="FAIL" start="2025-04-14T10:57:37.445862" elapsed="0.000122">Keyword 'BuiltIn.Log' expected 1 to 6 arguments, got 26.</status>
</kw>
<status status="FAIL" start="2025-04-14T10:57:37.443952" elapsed="0.002146">Keyword 'BuiltIn.Log' expected 1 to 6 arguments, got 26.</status>
</test>
<test id="s1-s5-t2" name="Test with Keywords and a list" line="17">
<kw name="Print All Entries Of A List To Console">
<for flavor="IN">
<iter>
<kw name="Log To Console" owner="BuiltIn">
<arg>${element}</arg>
<doc>Logs the given message to the console.</doc>
<status status="PASS" start="2025-04-14T10:57:37.446776" elapsed="0.000115"/>
</kw>
<var name="${element}">a</var>
<status status="PASS" start="2025-04-14T10:57:37.446721" elapsed="0.000198"/>
</iter>
<iter>
<kw name="Log To Console" owner="BuiltIn">
<arg>${element}</arg>
<doc>Logs the given message to the console.</doc>
<status status="PASS" start="2025-04-14T10:57:37.447027" elapsed="0.000101"/>
</kw>
<var name="${element}">b</var>
<status status="PASS" start="2025-04-14T10:57:37.446975" elapsed="0.000178"/>
</iter>
<iter>
<kw name="Log To Console" owner="BuiltIn">
<arg>${element}</arg>
<doc>Logs the given message to the console.</doc>
<status status="PASS" start="2025-04-14T10:57:37.447251" elapsed="0.000092"/>
</kw>
<var name="${element}">c</var>
<status status="PASS" start="2025-04-14T10:57:37.447205" elapsed="0.000161"/>
</iter>
<iter>
<kw name="Log To Console" owner="BuiltIn">
<arg>${element}</arg>
<doc>Logs the given message to the console.</doc>
<status status="PASS" start="2025-04-14T10:57:37.447466" elapsed="0.000091"/>
</kw>
<var name="${element}">d</var>
<status status="PASS" start="2025-04-14T10:57:37.447420" elapsed="0.000160"/>
</iter>
<iter>
<kw name="Log To Console" owner="BuiltIn">
<arg>${element}</arg>
<doc>Logs the given message to the console.</doc>
<status status="PASS" start="2025-04-14T10:57:37.447671" elapsed="0.000088"/>
</kw>
<var name="${element}">e</var>
<status status="PASS" start="2025-04-14T10:57:37.447628" elapsed="0.000153"/>
</iter>
<iter>
<kw name="Log To Console" owner="BuiltIn">
<arg>${element}</arg>
<doc>Logs the given message to the console.</doc>
<status status="PASS" start="2025-04-14T10:57:37.447873" elapsed="0.000092"/>
</kw>
<var name="${element}">f</var>
<status status="PASS" start="2025-04-14T10:57:37.447830" elapsed="0.000158"/>
</iter>
<iter>
<kw name="Log To Console" owner="BuiltIn">
<arg>${element}</arg>
<doc>Logs the given message to the console.</doc>
<status status="PASS" start="2025-04-14T10:57:37.448079" elapsed="0.000087"/>
</kw>
<var name="${element}">g</var>
<status status="PASS" start="2025-04-14T10:57:37.448037" elapsed="0.000152"/>
</iter>
<iter>
<kw name="Log To Console" owner="BuiltIn">
<arg>${element}</arg>
<doc>Logs the given message to the console.</doc>
<status status="PASS" start="2025-04-14T10:57:37.448281" elapsed="0.000091"/>
</kw>
<var name="${element}">h</var>
<status status="PASS" start="2025-04-14T10:57:37.448238" elapsed="0.000158"/>
</iter>
<iter>
<kw name="Log To Console" owner="BuiltIn">
<arg>${element}</arg>
<doc>Logs the given message to the console.</doc>
<status status="PASS" start="2025-04-14T10:57:37.448492" elapsed="0.000093"/>
</kw>
<var name="${element}">i</var>
<status status="PASS" start="2025-04-14T10:57:37.448446" elapsed="0.000162"/>
</iter>
<iter>
<kw name="Log To Console" owner="BuiltIn">
<arg>${element}</arg>
<doc>Logs the given message to the console.</doc>
<status status="PASS" start="2025-04-14T10:57:37.448699" elapsed="0.000090"/>
</kw>
<var name="${element}">j</var>
<status status="PASS" start="2025-04-14T10:57:37.448656" elapsed="0.000156"/>
</iter>
<iter>
<kw name="Log To Console" owner="BuiltIn">
<arg>${element}</arg>
<doc>Logs the given message to the console.</doc>
<status status="PASS" start="2025-04-14T10:57:37.448902" elapsed="0.000091"/>
</kw>
<var name="${element}">k</var>
<status status="PASS" start="2025-04-14T10:57:37.448860" elapsed="0.000155"/>
</iter>
<iter>
<kw name="Log To Console" owner="BuiltIn">
<arg>${element}</arg>
<doc>Logs the given message to the console.</doc>
<status status="PASS" start="2025-04-14T10:57:37.449105" elapsed="0.000086"/>
</kw>
<var name="${element}">l</var>
<status status="PASS" start="2025-04-14T10:57:37.449063" elapsed="0.000151"/>
</iter>
<iter>
<kw name="Log To Console" owner="BuiltIn">
<arg>${element}</arg>
<doc>Logs the given message to the console.</doc>
<status status="PASS" start="2025-04-14T10:57:37.449303" elapsed="0.000091"/>
</kw>
<var name="${element}">m</var>
<status status="PASS" start="2025-04-14T10:57:37.449261" elapsed="0.000155"/>
</iter>
<iter>
<kw name="Log To Console" owner="BuiltIn">
<arg>${element}</arg>
<doc>Logs the given message to the console.</doc>
<status status="PASS" start="2025-04-14T10:57:37.449507" elapsed="0.000092"/>
</kw>
<var name="${element}">n</var>
<status status="PASS" start="2025-04-14T10:57:37.449464" elapsed="0.000158"/>
</iter>
<iter>
<kw name="Log To Console" owner="BuiltIn">
<arg>${element}</arg>
<doc>Logs the given message to the console.</doc>
<status status="PASS" start="2025-04-14T10:57:37.449716" elapsed="0.000088"/>
</kw>
<var name="${element}">o</var>
<status status="PASS" start="2025-04-14T10:57:37.449670" elapsed="0.000157"/>
</iter>
<iter>
<kw name="Log To Console" owner="BuiltIn">
<arg>${element}</arg>
<doc>Logs the given message to the console.</doc>
<status status="PASS" start="2025-04-14T10:57:37.449950" elapsed="0.000180"/>
</kw>
<var name="${element}">p</var>
<status status="PASS" start="2025-04-14T10:57:37.449904" elapsed="0.000253"/>
</iter>
<iter>
<kw name="Log To Console" owner="BuiltIn">
<arg>${element}</arg>
<doc>Logs the given message to the console.</doc>
<status status="PASS" start="2025-04-14T10:57:37.450264" elapsed="0.000096"/>
</kw>
<var name="${element}">q</var>
<status status="PASS" start="2025-04-14T10:57:37.450213" elapsed="0.000175"/>
</iter>
<iter>
<kw name="Log To Console" owner="BuiltIn">
<arg>${element}</arg>
<doc>Logs the given message to the console.</doc>
<status status="PASS" start="2025-04-14T10:57:37.450483" elapsed="0.000090"/>
</kw>
<var name="${element}">r</var>
<status status="PASS" start="2025-04-14T10:57:37.450439" elapsed="0.000157"/>
</iter>
<iter>
<kw name="Log To Console" owner="BuiltIn">
<arg>${element}</arg>
<doc>Logs the given message to the console.</doc>
<status status="PASS" start="2025-04-14T10:57:37.450687" elapsed="0.000088"/>
</kw>
<var name="${element}">s</var>
<status status="PASS" start="2025-04-14T10:57:37.450644" elapsed="0.000154"/>
</iter>
<iter>
<kw name="Log To Console" owner="BuiltIn">
<arg>${element}</arg>
<doc>Logs the given message to the console.</doc>
<status status="PASS" start="2025-04-14T10:57:37.450887" elapsed="0.000087"/>
</kw>
<var name="${element}">t</var>
<status status="PASS" start="2025-04-14T10:57:37.450846" elapsed="0.000151"/>
</iter>
<iter>
<kw name="Log To Console" owner="BuiltIn">
<arg>${element}</arg>
<doc>Logs the given message to the console.</doc>
<status status="PASS" start="2025-04-14T10:57:37.451086" elapsed="0.000088"/>
</kw>
<var name="${element}">u</var>
<status status="PASS" start="2025-04-14T10:57:37.451044" elapsed="0.000154"/>
</iter>
<iter>
<kw name="Log To Console" owner="BuiltIn">
<arg>${element}</arg>
<doc>Logs the given message to the console.</doc>
<status status="PASS" start="2025-04-14T10:57:37.451298" elapsed="0.000092"/>
</kw>
<var name="${element}">v</var>
<status status="PASS" start="2025-04-14T10:57:37.451254" elapsed="0.000160"/>
</iter>
<iter>
<kw name="Log To Console" owner="BuiltIn">
<arg>${element}</arg>
<doc>Logs the given message to the console.</doc>
<status status="PASS" start="2025-04-14T10:57:37.451510" elapsed="0.000092"/>
</kw>
<var name="${element}">w</var>
<status status="PASS" start="2025-04-14T10:57:37.451465" elapsed="0.000161"/>
</iter>
<iter>
<kw name="Log To Console" owner="BuiltIn">
<arg>${element}</arg>
<doc>Logs the given message to the console.</doc>
<status status="PASS" start="2025-04-14T10:57:37.451720" elapsed="0.000092"/>
</kw>
<var name="${element}">x</var>
<status status="PASS" start="2025-04-14T10:57:37.451675" elapsed="0.000160"/>
</iter>
<iter>
<kw name="Log To Console" owner="BuiltIn">
<arg>${element}</arg>
<doc>Logs the given message to the console.</doc>
<status status="PASS" start="2025-04-14T10:57:37.451924" elapsed="0.000087"/>
</kw>
<var name="${element}">y</var>
<status status="PASS" start="2025-04-14T10:57:37.451882" elapsed="0.000152"/>
</iter>
<iter>
<kw name="Log To Console" owner="BuiltIn">
<arg>${element}</arg>
<doc>Logs the given message to the console.</doc>
<status status="PASS" start="2025-04-14T10:57:37.452125" elapsed="0.000088"/>
</kw>
<var name="${element}">z</var>
<status status="PASS" start="2025-04-14T10:57:37.452082" elapsed="0.000153"/>
</iter>
<var>${element}</var>
<value>@{list}</value>
<status status="PASS" start="2025-04-14T10:57:37.446636" elapsed="0.005618"/>
</for>
<arg>${LETTERS}</arg>
<status status="PASS" start="2025-04-14T10:57:37.446470" elapsed="0.005826"/>
</kw>
<status status="PASS" start="2025-04-14T10:57:37.446225" elapsed="0.006159"/>
</test>
<test id="s1-s5-t3" name="Test with a Keyword that accepts multiple arguments" line="20">
<kw name="Print All Arguments To Console">
<for flavor="IN">
<iter>
<kw name="Log To Console" owner="BuiltIn">
<arg>${arg}</arg>
<doc>Logs the given message to the console.</doc>
<status status="PASS" start="2025-04-14T10:57:37.453039" elapsed="0.000107"/>
</kw>
<var name="${arg}">a</var>
<status status="PASS" start="2025-04-14T10:57:37.452985" elapsed="0.000190"/>
</iter>
<iter>
<kw name="Log To Console" owner="BuiltIn">
<arg>${arg}</arg>
<doc>Logs the given message to the console.</doc>
<status status="PASS" start="2025-04-14T10:57:37.453277" elapsed="0.000099"/>
</kw>
<var name="${arg}">b</var>
<status status="PASS" start="2025-04-14T10:57:37.453229" elapsed="0.000172"/>
</iter>
<iter>
<kw name="Log To Console" owner="BuiltIn">
<arg>${arg}</arg>
<doc>Logs the given message to the console.</doc>
<status status="PASS" start="2025-04-14T10:57:37.453498" elapsed="0.000096"/>
</kw>
<var name="${arg}">c</var>
<status status="PASS" start="2025-04-14T10:57:37.453453" elapsed="0.000165"/>
</iter>
<iter>
<kw name="Log To Console" owner="BuiltIn">
<arg>${arg}</arg>
<doc>Logs the given message to the console.</doc>
<status status="PASS" start="2025-04-14T10:57:37.453713" elapsed="0.000089"/>
</kw>
<var name="${arg}">d</var>
<status status="PASS" start="2025-04-14T10:57:37.453667" elapsed="0.000157"/>
</iter>
<iter>
<kw name="Log To Console" owner="BuiltIn">
<arg>${arg}</arg>
<doc>Logs the given message to the console.</doc>
<status status="PASS" start="2025-04-14T10:57:37.453916" elapsed="0.000088"/>
</kw>
<var name="${arg}">e</var>
<status status="PASS" start="2025-04-14T10:57:37.453872" elapsed="0.000154"/>
</iter>
<iter>
<kw name="Log To Console" owner="BuiltIn">
<arg>${arg}</arg>
<doc>Logs the given message to the console.</doc>
<status status="PASS" start="2025-04-14T10:57:37.454121" elapsed="0.000090"/>
</kw>
<var name="${arg}">f</var>
<status status="PASS" start="2025-04-14T10:57:37.454076" elapsed="0.000158"/>
</iter>
<iter>
<kw name="Log To Console" owner="BuiltIn">
<arg>${arg}</arg>
<doc>Logs the given message to the console.</doc>
<status status="PASS" start="2025-04-14T10:57:37.454325" elapsed="0.000099"/>
</kw>
<var name="${arg}">g</var>
<status status="PASS" start="2025-04-14T10:57:37.454282" elapsed="0.000168"/>
</iter>
<iter>
<kw name="Log To Console" owner="BuiltIn">
<arg>${arg}</arg>
<doc>Logs the given message to the console.</doc>
<status status="PASS" start="2025-04-14T10:57:37.454554" elapsed="0.000096"/>
</kw>
<var name="${arg}">h</var>
<status status="PASS" start="2025-04-14T10:57:37.454504" elapsed="0.000170"/>
</iter>
<iter>
<kw name="Log To Console" owner="BuiltIn">
<arg>${arg}</arg>
<doc>Logs the given message to the console.</doc>
<status status="PASS" start="2025-04-14T10:57:37.454778" elapsed="0.000090"/>
</kw>
<var name="${arg}">i</var>
<status status="PASS" start="2025-04-14T10:57:37.454727" elapsed="0.000164"/>
</iter>
<iter>
<kw name="Log To Console" owner="BuiltIn">
<arg>${arg}</arg>
<doc>Logs the given message to the console.</doc>
<status status="PASS" start="2025-04-14T10:57:37.454983" elapsed="0.000089"/>
</kw>
<var name="${arg}">j</var>
<status status="PASS" start="2025-04-14T10:57:37.454940" elapsed="0.000155"/>
</iter>
<iter>
<kw name="Log To Console" owner="BuiltIn">
<arg>${arg}</arg>
<doc>Logs the given message to the console.</doc>
<status status="PASS" start="2025-04-14T10:57:37.455187" elapsed="0.000086"/>
</kw>
<var name="${arg}">k</var>
<status status="PASS" start="2025-04-14T10:57:37.455142" elapsed="0.000153"/>
</iter>
<iter>
<kw name="Log To Console" owner="BuiltIn">
<arg>${arg}</arg>
<doc>Logs the given message to the console.</doc>
<status status="PASS" start="2025-04-14T10:57:37.455391" elapsed="0.000088"/>
</kw>
<var name="${arg}">l</var>
<status status="PASS" start="2025-04-14T10:57:37.455345" elapsed="0.000157"/>
</iter>
<iter>
<kw name="Log To Console" owner="BuiltIn">
<arg>${arg}</arg>
<doc>Logs the given message to the console.</doc>
<status status="PASS" start="2025-04-14T10:57:37.455593" elapsed="0.000176"/>
</kw>
<var name="${arg}">m</var>
<status status="PASS" start="2025-04-14T10:57:37.455549" elapsed="0.000247"/>
</iter>
<iter>
<kw name="Log To Console" owner="BuiltIn">
<arg>${arg}</arg>
<doc>Logs the given message to the console.</doc>
<status status="PASS" start="2025-04-14T10:57:37.455932" elapsed="0.000096"/>
</kw>
<var name="${arg}">n</var>
<status status="PASS" start="2025-04-14T10:57:37.455880" elapsed="0.000173"/>
</iter>
<iter>
<kw name="Log To Console" owner="BuiltIn">
<arg>${arg}</arg>
<doc>Logs the given message to the console.</doc>
<status status="PASS" start="2025-04-14T10:57:37.456149" elapsed="0.000089"/>
</kw>
<var name="${arg}">o</var>
<status status="PASS" start="2025-04-14T10:57:37.456103" elapsed="0.000158"/>
</iter>
<iter>
<kw name="Log To Console" owner="BuiltIn">
<arg>${arg}</arg>
<doc>Logs the given message to the console.</doc>
<status status="PASS" start="2025-04-14T10:57:37.456361" elapsed="0.000094"/>
</kw>
<var name="${arg}">p</var>
<status status="PASS" start="2025-04-14T10:57:37.456317" elapsed="0.000192"/>
</iter>
<iter>
<kw name="Log To Console" owner="BuiltIn">
<arg>${arg}</arg>
<doc>Logs the given message to the console.</doc>
<status status="PASS" start="2025-04-14T10:57:37.456681" elapsed="0.000099"/>
</kw>
<var name="${arg}">q</var>
<status status="PASS" start="2025-04-14T10:57:37.456633" elapsed="0.000172"/>
</iter>
<iter>
<kw name="Log To Console" owner="BuiltIn">
<arg>${arg}</arg>
<doc>Logs the given message to the console.</doc>
<status status="PASS" start="2025-04-14T10:57:37.456907" elapsed="0.000097"/>
</kw>
<var name="${arg}">r</var>
<status status="PASS" start="2025-04-14T10:57:37.456859" elapsed="0.000170"/>
</iter>
<iter>
<kw name="Log To Console" owner="BuiltIn">
<arg>${arg}</arg>
<doc>Logs the given message to the console.</doc>
<status status="PASS" start="2025-04-14T10:57:37.457131" elapsed="0.000097"/>
</kw>
<var name="${arg}">s</var>
<status status="PASS" start="2025-04-14T10:57:37.457084" elapsed="0.000169"/>
</iter>
<iter>
<kw name="Log To Console" owner="BuiltIn">
<arg>${arg}</arg>
<doc>Logs the given message to the console.</doc>
<status status="PASS" start="2025-04-14T10:57:37.457354" elapsed="0.000101"/>
</kw>
<var name="${arg}">t</var>
<status status="PASS" start="2025-04-14T10:57:37.457307" elapsed="0.000174"/>
</iter>
<iter>
<kw name="Log To Console" owner="BuiltIn">
<arg>${arg}</arg>
<doc>Logs the given message to the console.</doc>
<status status="PASS" start="2025-04-14T10:57:37.457582" elapsed="0.000101"/>
</kw>
<var name="${arg}">u</var>
<status status="PASS" start="2025-04-14T10:57:37.457535" elapsed="0.000174"/>
</iter>
<iter>
<kw name="Log To Console" owner="BuiltIn">
<arg>${arg}</arg>
<doc>Logs the given message to the console.</doc>
<status status="PASS" start="2025-04-14T10:57:37.457810" elapsed="0.000128"/>
</kw>
<var name="${arg}">v</var>
<status status="PASS" start="2025-04-14T10:57:37.457762" elapsed="0.000208"/>
</iter>
<iter>
<kw name="Log To Console" owner="BuiltIn">
<arg>${arg}</arg>
<doc>Logs the given message to the console.</doc>
<status status="PASS" start="2025-04-14T10:57:37.458095" elapsed="0.000129"/>
</kw>
<var name="${arg}">w</var>
<status status="PASS" start="2025-04-14T10:57:37.458036" elapsed="0.000220"/>
</iter>
<iter>
<kw name="Log To Console" owner="BuiltIn">
<arg>${arg}</arg>
<doc>Logs the given message to the console.</doc>
<status status="PASS" start="2025-04-14T10:57:37.458392" elapsed="0.000125"/>
</kw>
<var name="${arg}">x</var>
<status status="PASS" start="2025-04-14T10:57:37.458325" elapsed="0.000224"/>
</iter>
<iter>
<kw name="Log To Console" owner="BuiltIn">
<arg>${arg}</arg>
<doc>Logs the given message to the console.</doc>
<status status="PASS" start="2025-04-14T10:57:37.458677" elapsed="0.000122"/>
</kw>
<var name="${arg}">y</var>
<status status="PASS" start="2025-04-14T10:57:37.458616" elapsed="0.000215"/>
</iter>
<iter>
<kw name="Log To Console" owner="BuiltIn">
<arg>${arg}</arg>
<doc>Logs the given message to the console.</doc>
<status status="PASS" start="2025-04-14T10:57:37.458955" elapsed="0.000133"/>
</kw>
<var name="${arg}">z</var>
<status status="PASS" start="2025-04-14T10:57:37.458897" elapsed="0.000218"/>
</iter>
<var>${arg}</var>
<value>@{all_args}</value>
<status status="PASS" start="2025-04-14T10:57:37.452907" elapsed="0.006231"/>
</for>
<arg>@{LETTERS}</arg>
<status status="PASS" start="2025-04-14T10:57:37.452744" elapsed="0.006448"/>
</kw>
<kw name="Print All Arguments To Console">
<for flavor="IN">
<iter>
<kw name="Log To Console" owner="BuiltIn">
<arg>${arg}</arg>
<doc>Logs the given message to the console.</doc>
<status status="PASS" start="2025-04-14T10:57:37.459695" elapsed="0.000112"/>
</kw>
<var name="${arg}">arg1</var>
<status status="PASS" start="2025-04-14T10:57:37.459639" elapsed="0.000194"/>
</iter>
<iter>
<kw name="Log To Console" owner="BuiltIn">
<arg>${arg}</arg>
<doc>Logs the given message to the console.</doc>
<status status="PASS" start="2025-04-14T10:57:37.459928" elapsed="0.000088"/>
</kw>
<var name="${arg}">arg2</var>
<status status="PASS" start="2025-04-14T10:57:37.459884" elapsed="0.000155"/>
</iter>
<iter>
<kw name="Log To Console" owner="BuiltIn">
<arg>${arg}</arg>
<doc>Logs the given message to the console.</doc>
<status status="PASS" start="2025-04-14T10:57:37.460136" elapsed="0.000096"/>
</kw>
<var name="${arg}">arg3</var>
<status status="PASS" start="2025-04-14T10:57:37.460088" elapsed="0.000168"/>
</iter>
<iter>
<kw name="Log To Console" owner="BuiltIn">
<arg>${arg}</arg>
<doc>Logs the given message to the console.</doc>
<status status="PASS" start="2025-04-14T10:57:37.460355" elapsed="0.000096"/>
</kw>
<var name="${arg}">arg4</var>
<status status="PASS" start="2025-04-14T10:57:37.460307" elapsed="0.000168"/>
</iter>
<var>${arg}</var>
<value>@{all_args}</value>
<status status="PASS" start="2025-04-14T10:57:37.459548" elapsed="0.000946"/>
</for>
<arg>arg1</arg>
<arg>arg2</arg>
<arg>arg3</arg>
<arg>arg4</arg>
<status status="PASS" start="2025-04-14T10:57:37.459344" elapsed="0.001191"/>
</kw>
<kw name="Print All Arguments To Console">
<for flavor="IN">
<iter>
<kw name="Log To Console" owner="BuiltIn">
<arg>${arg}</arg>
<doc>Logs the given message to the console.</doc>
<status status="PASS" start="2025-04-14T10:57:37.460989" elapsed="0.000107"/>
</kw>
<var name="${arg}">['a', 'b', 'c', 'd', 'e', 'f', 'g', 'h', 'i', 'j', 'k', 'l', 'm', 'n', 'o', 'p', 'q', 'r', 's', 't', 'u', 'v', 'w', 'x', 'y', 'z']</var>
<status status="PASS" start="2025-04-14T10:57:37.460933" elapsed="0.000190"/>
</iter>
<var>${arg}</var>
<value>@{all_args}</value>
<status status="PASS" start="2025-04-14T10:57:37.460850" elapsed="0.000293"/>
</for>
<arg>${LETTERS}</arg>
<status status="PASS" start="2025-04-14T10:57:37.460672" elapsed="0.000507"/>
</kw>
<status status="PASS" start="2025-04-14T10:57:37.452501" elapsed="0.008773"/>
</test>
<test id="s1-s5-t4" name="Test with some Collections keywords" line="25">
<kw name="Create List" owner="BuiltIn">
<msg time="2025-04-14T10:57:37.461708" level="INFO">${list} = ['1', '2', '3']</msg>
<var>${list}</var>
<arg>1</arg>
<arg>2</arg>
<arg>3</arg>
<doc>Returns a list containing given items.</doc>
<status status="PASS" start="2025-04-14T10:57:37.461609" elapsed="0.000118"/>
</kw>
<kw name="Append To List" owner="Collections">
<arg>${list}</arg>
<arg>4</arg>
<arg>5</arg>
<arg>6</arg>
<doc>Adds ``values`` to the end of ``list``.</doc>
<status status="PASS" start="2025-04-14T10:57:37.461810" elapsed="0.000096"/>
</kw>
<kw name="Create List" owner="BuiltIn">
<msg time="2025-04-14T10:57:37.462070" level="INFO">${list2} = ['7', '8', '9']</msg>
<var>${list2}</var>
<arg>7</arg>
<arg>8</arg>
<arg>9</arg>
<doc>Returns a list containing given items.</doc>
<status status="PASS" start="2025-04-14T10:57:37.461985" elapsed="0.000102"/>
</kw>
<kw name="Combine Lists" owner="Collections">
<msg time="2025-04-14T10:57:37.462293" level="INFO">${new_list} = ['1', '2', '3', '4', '5', '6', '7', '8', '9']</msg>
<var>${new_list}</var>
<arg>${list}</arg>
<arg>${list2}</arg>
<doc>Combines the given ``lists`` together and returns the result.</doc>
<status status="PASS" start="2025-04-14T10:57:37.462170" elapsed="0.000141"/>
</kw>
<kw name="Reverse List" owner="Collections">
<msg time="2025-04-14T10:57:37.462544" level="INFO">${reversed} = None</msg>
<var>${reversed}</var>
<arg>${new_list}</arg>
<doc>Reverses the given list in place.</doc>
<status status="PASS" start="2025-04-14T10:57:37.462390" elapsed="0.000173"/>
</kw>
<kw name="Log To Console" owner="BuiltIn">
<arg>${reversed}</arg>
<doc>Logs the given message to the console.</doc>
<status status="PASS" start="2025-04-14T10:57:37.462652" elapsed="0.000225"/>
</kw>
<status status="PASS" start="2025-04-14T10:57:37.461401" elapsed="0.001577"/>
</test>
<test id="s1-s5-t5" name="Test to access list entries" line="33">
<kw name="Log To Console" owner="BuiltIn">
<arg>index 18 &amp; 6 =&gt; ${LETTERS}[18] ${LETTERS}[6]</arg>
<doc>Logs the given message to the console.</doc>
<status status="PASS" start="2025-04-14T10:57:37.463314" elapsed="0.000204"/>
</kw>
<kw name="Log To Console" owner="BuiltIn">
<arg>index 5 to 10 =&gt; ${LETTERS}[5:10]</arg>
<doc>Logs the given message to the console.</doc>
<status status="PASS" start="2025-04-14T10:57:37.463607" elapsed="0.000138"/>
</kw>
<kw name="Log To Console" owner="BuiltIn">
<arg>index start to 5 =&gt; ${LETTERS}[:5]</arg>
<doc>Logs the given message to the console.</doc>
<status status="PASS" start="2025-04-14T10:57:37.463829" elapsed="0.000134"/>
</kw>
<kw name="Log To Console" owner="BuiltIn">
<arg>index 20 to end =&gt; ${LETTERS}[20:]</arg>
<doc>Logs the given message to the console.</doc>
<status status="PASS" start="2025-04-14T10:57:37.464040" elapsed="0.000124"/>
</kw>
<kw name="Log To Console" owner="BuiltIn">
<arg>Last 5 to end =&gt; ${LETTERS}[-5:]</arg>
<doc>Logs the given message to the console.</doc>
<status status="PASS" start="2025-04-14T10:57:37.464240" elapsed="0.000121"/>
</kw>
<status status="PASS" start="2025-04-14T10:57:37.463107" elapsed="0.001342"/>
</test>
<status status="FAIL" start="2025-04-14T10:57:37.442885" elapsed="0.021746"/>
</suite>
<suite id="s1-s6" name="Scalar Test" source="/home/nguyenvh/Sync/3a/stage_stet/projet_dho/automated-log-analysis/tests/scalar_test.robot">
<test id="s1-s6-t1" name="Test Case With Variables" line="7">
<kw name="Log" owner="BuiltIn">
<msg time="2025-04-14T10:57:37.466157" level="INFO">This is a global variable!</msg>
<arg>${GLOBAL_VAR1}</arg>
<doc>Logs the given message with the given level.</doc>
<status status="PASS" start="2025-04-14T10:57:37.466057" elapsed="0.000135"/>
</kw>
<kw name="Log" owner="BuiltIn">
<msg time="2025-04-14T10:57:37.466395" level="INFO">String concadination Is simple with "This is a global variable!" and "Equal sign is optional but sometimes helpful."</msg>
<arg>String concadination Is simple with "${GLOBAL_VAR1}" and "${ANOTHER_GLOBAL}"</arg>
<doc>Logs the given message with the given level.</doc>
<status status="PASS" start="2025-04-14T10:57:37.466278" elapsed="0.000148"/>
</kw>
<kw name="Log" owner="BuiltIn">
<msg time="2025-04-14T10:57:37.466573" level="INFO">Escaping with backslash. Then you can use names like ${GLOBAL_VAR1}</msg>
<arg>Escaping with backslash. Then you can use names like \${GLOBAL_VAR1}</arg>
<doc>Logs the given message with the given level.</doc>
<status status="PASS" start="2025-04-14T10:57:37.466504" elapsed="0.000097"/>
</kw>
<status status="PASS" start="2025-04-14T10:57:37.465853" elapsed="0.000830"/>
</test>
<test id="s1-s6-t2" name="Test with Numbers" line="12">
<kw name="Log" owner="BuiltIn">
<msg time="2025-04-14T10:57:37.467190" level="INFO">1 is a string and 1 is an integer...</msg>
<arg>1 is a string and ${1} is an integer...</arg>
<doc>Logs the given message with the given level.</doc>
<status status="PASS" start="2025-04-14T10:57:37.466962" elapsed="0.000260"/>
</kw>
<kw name="Evaluate" owner="BuiltIn">
<msg time="2025-04-14T10:57:37.467430" level="INFO">${result} = 2</msg>
<var>${result}</var>
<arg>1 + 1</arg>
<doc>Evaluates the given expression in Python and returns the result.</doc>
<status status="PASS" start="2025-04-14T10:57:37.467305" elapsed="0.000144"/>
</kw>
<kw name="Should Be Equal" owner="BuiltIn">
<arg>${result}</arg>
<arg>${2}</arg>
<doc>Fails if the given objects are unequal.</doc>
<status status="PASS" start="2025-04-14T10:57:37.467532" elapsed="0.000271"/>
</kw>
<kw name="Should Not Be Equal" owner="BuiltIn">
<msg time="2025-04-14T10:57:37.467982" level="INFO">Argument types are:
&lt;class 'int'&gt;
&lt;class 'str'&gt;</msg>
<arg>${result}</arg>
<arg>2</arg>
<doc>Fails if the given objects are equal.</doc>
<status status="PASS" start="2025-04-14T10:57:37.467888" elapsed="0.000129"/>
</kw>
<status status="PASS" start="2025-04-14T10:57:37.466794" elapsed="0.001309"/>
</test>
<test id="s1-s6-t3" name="Test Case with Return Values" line="18">
<kw name="Log" owner="BuiltIn">
<msg time="2025-04-14T10:57:37.468477" level="INFO">Return Values can be assigned to Variables</msg>
<arg>Return Values can be assigned to Variables</arg>
<doc>Logs the given message with the given level.</doc>
<status status="PASS" start="2025-04-14T10:57:37.468410" elapsed="0.000098"/>
</kw>
<kw name="Get Hello World As Text">
<kw name="Log" owner="BuiltIn">
<msg time="2025-04-14T10:57:37.468842" level="INFO">this keyword just returns the string "Hello World"</msg>
<arg>this keyword just returns the string "Hello World"</arg>
<doc>Logs the given message with the given level.</doc>
<status status="PASS" start="2025-04-14T10:57:37.468780" elapsed="0.000095"/>
</kw>
<return>
<value>Hello World</value>
<status status="PASS" start="2025-04-14T10:57:37.468908" elapsed="0.000031"/>
</return>
<msg time="2025-04-14T10:57:37.469008" level="INFO">${the_returned_text} = Hello World</msg>
<var>${the_returned_text}</var>
<status status="PASS" start="2025-04-14T10:57:37.468629" elapsed="0.000396"/>
</kw>
<kw name="Log To Console" owner="BuiltIn">
<arg>${the_returned_text}</arg>
<doc>Logs the given message to the console.</doc>
<status status="PASS" start="2025-04-14T10:57:37.469100" elapsed="0.000101"/>
</kw>
<status status="PASS" start="2025-04-14T10:57:37.468217" elapsed="0.001064"/>
</test>
<test id="s1-s6-t4" name="Test With Arguments and Return Values" line="23">
<kw name="Count the Length and Log To Console">
<kw name="Get Length" owner="BuiltIn">
<msg time="2025-04-14T10:57:37.469978" level="INFO">Length is 32.</msg>
<msg time="2025-04-14T10:57:37.470032" level="INFO">${length} = 32</msg>
<var>${length}</var>
<arg>${text}</arg>
<doc>Returns and logs the length of the given item as an integer.</doc>
<status status="PASS" start="2025-04-14T10:57:37.469896" elapsed="0.000152"/>
</kw>
<kw name="Log To Console" owner="BuiltIn">
<arg>\nThe Text "${text}" has ${length} characters...</arg>
<doc>Logs the given message to the console.</doc>
<status status="PASS" start="2025-04-14T10:57:37.470114" elapsed="0.000131"/>
</kw>
<return>
<value>${length}</value>
<status status="PASS" start="2025-04-14T10:57:37.470278" elapsed="0.000023"/>
</return>
<msg time="2025-04-14T10:57:37.470385" level="INFO">${len} = 32</msg>
<var>${len}</var>
<arg>Hello Robot Framework Community!</arg>
<status status="PASS" start="2025-04-14T10:57:37.469720" elapsed="0.000682"/>
</kw>
<kw name="Should Be Equal" owner="BuiltIn">
<arg>${len}</arg>
<arg>${32}</arg>
<doc>Fails if the given objects are unequal.</doc>
<status status="PASS" start="2025-04-14T10:57:37.470485" elapsed="0.000267"/>
</kw>
<status status="PASS" start="2025-04-14T10:57:37.469394" elapsed="0.001449"/>
</test>
<test id="s1-s6-t5" name="Test With Environment Variables" line="27">
<kw name="Log" owner="BuiltIn">
<msg time="2025-04-14T10:57:37.471202" level="INFO">Environment Variables are prefixed with % sign.</msg>
<arg>Environment Variables are prefixed with % sign.</arg>
<doc>Logs the given message with the given level.</doc>
<status status="PASS" start="2025-04-14T10:57:37.471137" elapsed="0.000095"/>
</kw>
<kw name="Log To Console" owner="BuiltIn">
<arg>The /%{USER} is: %{USER}</arg>
<doc>Logs the given message to the console.</doc>
<status status="PASS" start="2025-04-14T10:57:37.471309" elapsed="0.000117"/>
</kw>
<kw name="Log To Console" owner="BuiltIn">
<arg>The /%{HOME} is: %{HOME}</arg>
<doc>Logs the given message to the console.</doc>
<status status="PASS" start="2025-04-14T10:57:37.471503" elapsed="0.000106"/>
</kw>
<status status="PASS" start="2025-04-14T10:57:37.470957" elapsed="0.000773"/>
</test>
<test id="s1-s6-t6" name="Test with BuiltIn Variables of Robot Framework" line="32">
<kw name="Log Variables" owner="BuiltIn">
<msg time="2025-04-14T10:57:37.472361" level="INFO">${/} = /</msg>
<msg time="2025-04-14T10:57:37.472392" level="INFO">${:} = :</msg>
<msg time="2025-04-14T10:57:37.472411" level="INFO">${\n} = 
</msg>
<msg time="2025-04-14T10:57:37.472429" level="INFO">${ANOTHER_GLOBAL} = Equal sign is optional but sometimes helpful.</msg>
<msg time="2025-04-14T10:57:37.472448" level="INFO">${DEBUG_FILE} = NONE</msg>
<msg time="2025-04-14T10:57:37.472464" level="INFO">${EXECDIR} = /home/nguyenvh/Sync/3a/stage_stet/projet_dho/automated-log-analysis</msg>
<msg time="2025-04-14T10:57:37.472481" level="INFO">${False} = False</msg>
<msg time="2025-04-14T10:57:37.472497" level="INFO">${GLOBAL_VAR1} = This is a global variable!</msg>
<msg time="2025-04-14T10:57:37.472514" level="INFO">${LOG_FILE} = /home/nguyenvh/Sync/3a/stage_stet/projet_dho/automated-log-analysis/reports/log.html</msg>
<msg time="2025-04-14T10:57:37.472530" level="INFO">${LOG_LEVEL} = INFO</msg>
<msg time="2025-04-14T10:57:37.472547" level="INFO">${None} = None</msg>
<msg time="2025-04-14T10:57:37.472565" level="INFO">${null} = None</msg>
<msg time="2025-04-14T10:57:37.472595" level="INFO">&amp;{OPTIONS} = { include=[] | exclude=[] | skip=[] | skip_on_failure=[] | console_width=78 }</msg>
<msg time="2025-04-14T10:57:37.472615" level="INFO">${OUTPUT_DIR} = /home/nguyenvh/Sync/3a/stage_stet/projet_dho/automated-log-analysis/reports</msg>
<msg time="2025-04-14T10:57:37.472633" level="INFO">${OUTPUT_FILE} = /home/nguyenvh/Sync/3a/stage_stet/projet_dho/automated-log-analysis/reports/output.xml</msg>
<msg time="2025-04-14T10:57:37.472649" level="INFO">${PREV_TEST_MESSAGE} = </msg>
<msg time="2025-04-14T10:57:37.472665" level="INFO">${PREV_TEST_NAME} = Test With Environment Variables</msg>
<msg time="2025-04-14T10:57:37.472682" level="INFO">${PREV_TEST_STATUS} = PASS</msg>
<msg time="2025-04-14T10:57:37.472698" level="INFO">${REPORT_FILE} = /home/nguyenvh/Sync/3a/stage_stet/projet_dho/automated-log-analysis/reports/report.html</msg>
<msg time="2025-04-14T10:57:37.472714" level="INFO">${SPACE} =  </msg>
<msg time="2025-04-14T10:57:37.472729" level="INFO">${SUITE_DOCUMENTATION} = </msg>
<msg time="2025-04-14T10:57:37.472749" level="INFO">&amp;{SUITE_METADATA} = { }</msg>
<msg time="2025-04-14T10:57:37.472766" level="INFO">${SUITE_NAME} = Advanced Test &amp; Bdd Test &amp; Dictionaries &amp; In Range Test &amp; List &amp; Scalar Test &amp; Simple Test2.Scalar Test</msg>
<msg time="2025-04-14T10:57:37.472783" level="INFO">${SUITE_SOURCE} = /home/nguyenvh/Sync/3a/stage_stet/projet_dho/automated-log-analysis/tests/scalar_test.robot</msg>
<msg time="2025-04-14T10:57:37.472799" level="INFO">${TEMPDIR} = /tmp</msg>
<msg time="2025-04-14T10:57:37.472815" level="INFO">${TEST_DOCUMENTATION} = </msg>
<msg time="2025-04-14T10:57:37.472831" level="INFO">${TEST_NAME} = Test with BuiltIn Variables of Robot Framework</msg>
<msg time="2025-04-14T10:57:37.472851" level="INFO">@{TEST_TAGS} = [ ]</msg>
<msg time="2025-04-14T10:57:37.472869" level="INFO">${True} = True</msg>
<doc>Logs all variables in the current scope with given log level.</doc>
<status status="PASS" start="2025-04-14T10:57:37.472036" elapsed="0.000861"/>
</kw>
<kw name="Get Variables" owner="BuiltIn">
<msg time="2025-04-14T10:57:37.473241" level="INFO">${all_vars} = {'${/}': '/', '${:}': ':', '${\\n}': '\n', '${ANOTHER_GLOBAL}': 'Equal sign is optional but sometimes helpful.', '${DEBUG_FILE}': 'NONE', '${EXECDIR}': '/home/nguyenvh/Sync/3a/stage_stet/projet_dho/au...</msg>
<var>${all_vars}</var>
<doc>Returns a dictionary containing all variables in the current scope.</doc>
<status status="PASS" start="2025-04-14T10:57:37.472984" elapsed="0.000276"/>
</kw>
<for flavor="IN">
<iter>
<kw name="Get Variable Value" owner="BuiltIn">
<msg time="2025-04-14T10:57:37.473664" level="INFO">${value} = /</msg>
<var>${value}</var>
<arg>${var}</arg>
<doc>Returns variable value or ``default`` if the variable does not exist.</doc>
<status status="PASS" start="2025-04-14T10:57:37.473519" elapsed="0.000164"/>
</kw>
<kw name="Log To Console" owner="BuiltIn">
<arg>${var} : ${value}</arg>
<doc>Logs the given message to the console.</doc>
<status status="PASS" start="2025-04-14T10:57:37.473748" elapsed="0.000126"/>
</kw>
<var name="${var}">${/}</var>
<status status="PASS" start="2025-04-14T10:57:37.473456" elapsed="0.000443"/>
</iter>
<iter>
<kw name="Get Variable Value" owner="BuiltIn">
<msg time="2025-04-14T10:57:37.474140" level="INFO">${value} = :</msg>
<var>${value}</var>
<arg>${var}</arg>
<doc>Returns variable value or ``default`` if the variable does not exist.</doc>
<status status="PASS" start="2025-04-14T10:57:37.474015" elapsed="0.000142"/>
</kw>
<kw name="Log To Console" owner="BuiltIn">
<arg>${var} : ${value}</arg>
<doc>Logs the given message to the console.</doc>
<status status="PASS" start="2025-04-14T10:57:37.474217" elapsed="0.000119"/>
</kw>
<var name="${var}">${:}</var>
<status status="PASS" start="2025-04-14T10:57:37.473961" elapsed="0.000399"/>
</iter>
<iter>
<kw name="Get Variable Value" owner="BuiltIn">
<msg time="2025-04-14T10:57:37.475067" level="INFO">${value} = 
</msg>
<var>${value}</var>
<arg>${var}</arg>
<doc>Returns variable value or ``default`` if the variable does not exist.</doc>
<status status="PASS" start="2025-04-14T10:57:37.474479" elapsed="0.000610"/>
</kw>
<kw name="Log To Console" owner="BuiltIn">
<arg>${var} : ${value}</arg>
<doc>Logs the given message to the console.</doc>
<status status="PASS" start="2025-04-14T10:57:37.475165" elapsed="0.000137"/>
</kw>
<var name="${var}">${\n}</var>
<status status="PASS" start="2025-04-14T10:57:37.474425" elapsed="0.000903"/>
</iter>
<iter>
<kw name="Get Variable Value" owner="BuiltIn">
<msg time="2025-04-14T10:57:37.475587" level="INFO">${value} = Equal sign is optional but sometimes helpful.</msg>
<var>${value}</var>
<arg>${var}</arg>
<doc>Returns variable value or ``default`` if the variable does not exist.</doc>
<status status="PASS" start="2025-04-14T10:57:37.475451" elapsed="0.000154"/>
</kw>
<kw name="Log To Console" owner="BuiltIn">
<arg>${var} : ${value}</arg>
<doc>Logs the given message to the console.</doc>
<status status="PASS" start="2025-04-14T10:57:37.475668" elapsed="0.000123"/>
[...]
<arg>${var}</arg>
<doc>Returns variable value or ``default`` if the variable does not exist.</doc>
<status status="PASS" start="2025-04-14T10:57:37.481275" elapsed="0.000143"/>
</kw>
<kw name="Log To Console" owner="BuiltIn">
<arg>${var} : ${value}</arg>
<doc>Logs the given message to the console.</doc>
<status status="PASS" start="2025-04-14T10:57:37.481474" elapsed="0.000111"/>
</kw>
<var name="${var}">${PREV_TEST_STATUS}</var>
<status status="PASS" start="2025-04-14T10:57:37.481229" elapsed="0.000379"/>
</iter>
<iter>
<kw name="Get Variable Value" owner="BuiltIn">
<msg time="2025-04-14T10:57:37.481828" level="INFO">${value} = /home/nguyenvh/Sync/3a/stage_stet/projet_dho/automated-log-analysis/reports/report.html</msg>
<var>${value}</var>
<arg>${var}</arg>
<doc>Returns variable value or ``default`` if the variable does not exist.</doc>
<status status="PASS" start="2025-04-14T10:57:37.481708" elapsed="0.000137"/>
</kw>
<kw name="Log To Console" owner="BuiltIn">
<arg>${var} : ${value}</arg>
<doc>Logs the given message to the console.</doc>
<status status="PASS" start="2025-04-14T10:57:37.481900" elapsed="0.000113"/>
</kw>
<var name="${var}">${REPORT_FILE}</var>
<status status="PASS" start="2025-04-14T10:57:37.481662" elapsed="0.000374"/>
</iter>
<iter>
<kw name="Get Variable Value" owner="BuiltIn">
<msg time="2025-04-14T10:57:37.482285" level="INFO">${value} =  </msg>
<var>${value}</var>
<arg>${var}</arg>
<doc>Returns variable value or ``default`` if the variable does not exist.</doc>
<status status="PASS" start="2025-04-14T10:57:37.482140" elapsed="0.000164"/>
</kw>
<kw name="Log To Console" owner="BuiltIn">
<arg>${var} : ${value}</arg>
<doc>Logs the given message to the console.</doc>
<status status="PASS" start="2025-04-14T10:57:37.482374" elapsed="0.000123"/>
</kw>
<var name="${var}">${SPACE}</var>
<status status="PASS" start="2025-04-14T10:57:37.482092" elapsed="0.000431"/>
</iter>
<iter>
<kw name="Get Variable Value" owner="BuiltIn">
<msg time="2025-04-14T10:57:37.482766" level="INFO">${value} = </msg>
<var>${value}</var>
<arg>${var}</arg>
<doc>Returns variable value or ``default`` if the variable does not exist.</doc>
<status status="PASS" start="2025-04-14T10:57:37.482636" elapsed="0.000148"/>
</kw>
<kw name="Log To Console" owner="BuiltIn">
<arg>${var} : ${value}</arg>
<doc>Logs the given message to the console.</doc>
<status status="PASS" start="2025-04-14T10:57:37.482844" elapsed="0.000120"/>
</kw>
<var name="${var}">${SUITE_DOCUMENTATION}</var>
<status status="PASS" start="2025-04-14T10:57:37.482584" elapsed="0.000404"/>
</iter>
<iter>
<kw name="Get Variable Value" owner="BuiltIn">
<msg time="2025-04-14T10:57:37.483217" level="INFO">${value} = Advanced Test &amp; Bdd Test &amp; Dictionaries &amp; In Range Test &amp; List &amp; Scalar Test &amp; Simple Test2.Scalar Test</msg>
<var>${value}</var>
<arg>${var}</arg>
<doc>Returns variable value or ``default`` if the variable does not exist.</doc>
<status status="PASS" start="2025-04-14T10:57:37.483094" elapsed="0.000141"/>
</kw>
<kw name="Log To Console" owner="BuiltIn">
<arg>${var} : ${value}</arg>
<doc>Logs the given message to the console.</doc>
<status status="PASS" start="2025-04-14T10:57:37.483291" elapsed="0.000119"/>
</kw>
<var name="${var}">${SUITE_NAME}</var>
<status status="PASS" start="2025-04-14T10:57:37.483045" elapsed="0.000389"/>
</iter>
<iter>
<kw name="Get Variable Value" owner="BuiltIn">
<msg time="2025-04-14T10:57:37.483661" level="INFO">${value} = /home/nguyenvh/Sync/3a/stage_stet/projet_dho/automated-log-analysis/tests/scalar_test.robot</msg>
<var>${value}</var>
<arg>${var}</arg>
<doc>Returns variable value or ``default`` if the variable does not exist.</doc>
<status status="PASS" start="2025-04-14T10:57:37.483538" elapsed="0.000140"/>
</kw>
<kw name="Log To Console" owner="BuiltIn">
<arg>${var} : ${value}</arg>
<doc>Logs the given message to the console.</doc>
<status status="PASS" start="2025-04-14T10:57:37.483736" elapsed="0.000114"/>
</kw>
<var name="${var}">${SUITE_SOURCE}</var>
<status status="PASS" start="2025-04-14T10:57:37.483491" elapsed="0.000382"/>
</iter>
<iter>
<kw name="Get Variable Value" owner="BuiltIn">
<msg time="2025-04-14T10:57:37.493259" level="INFO">${value} = /tmp</msg>
<var>${value}</var>
<arg>${var}</arg>
<doc>Returns variable value or ``default`` if the variable does not exist.</doc>
<status status="PASS" start="2025-04-14T10:57:37.483975" elapsed="0.009333"/>
</kw>
<kw name="Log To Console" owner="BuiltIn">
<arg>${var} : ${value}</arg>
<doc>Logs the given message to the console.</doc>
<status status="PASS" start="2025-04-14T10:57:37.493433" elapsed="0.000219"/>
</kw>
<var name="${var}">${TEMPDIR}</var>
<status status="PASS" start="2025-04-14T10:57:37.483928" elapsed="0.009757"/>
</iter>
<iter>
<kw name="Get Variable Value" owner="BuiltIn">
<msg time="2025-04-14T10:57:37.493994" level="INFO">${value} = </msg>
<var>${value}</var>
<arg>${var}</arg>
<doc>Returns variable value or ``default`` if the variable does not exist.</doc>
<status status="PASS" start="2025-04-14T10:57:37.493840" elapsed="0.000175"/>
</kw>
<kw name="Log To Console" owner="BuiltIn">
<arg>${var} : ${value}</arg>
<doc>Logs the given message to the console.</doc>
<status status="PASS" start="2025-04-14T10:57:37.494084" elapsed="0.000135"/>
</kw>
<var name="${var}">${TEST_DOCUMENTATION}</var>
<status status="PASS" start="2025-04-14T10:57:37.493769" elapsed="0.000492"/>
</iter>
<iter>
<kw name="Get Variable Value" owner="BuiltIn">
<msg time="2025-04-14T10:57:37.494531" level="INFO">${value} = Test with BuiltIn Variables of Robot Framework</msg>
<var>${value}</var>
<arg>${var}</arg>
<doc>Returns variable value or ``default`` if the variable does not exist.</doc>
<status status="PASS" start="2025-04-14T10:57:37.494382" elapsed="0.000166"/>
</kw>
<kw name="Log To Console" owner="BuiltIn">
<arg>${var} : ${value}</arg>
<doc>Logs the given message to the console.</doc>
<status status="PASS" start="2025-04-14T10:57:37.494604" elapsed="0.000112"/>
</kw>
<var name="${var}">${TEST_NAME}</var>
<status status="PASS" start="2025-04-14T10:57:37.494329" elapsed="0.000427"/>
</iter>
<iter>
<kw name="Get Variable Value" owner="BuiltIn">
<msg time="2025-04-14T10:57:37.495005" level="INFO">${value} = True</msg>
<var>${value}</var>
<arg>${var}</arg>
<doc>Returns variable value or ``default`` if the variable does not exist.</doc>
<status status="PASS" start="2025-04-14T10:57:37.494880" elapsed="0.000142"/>
</kw>
<kw name="Log To Console" owner="BuiltIn">
<arg>${var} : ${value}</arg>
<doc>Logs the given message to the console.</doc>
<status status="PASS" start="2025-04-14T10:57:37.495076" elapsed="0.000112"/>
</kw>
<var name="${var}">${True}</var>
<status status="PASS" start="2025-04-14T10:57:37.494817" elapsed="0.000407"/>
</iter>
<iter>
<kw name="Get Variable Value" owner="BuiltIn">
<msg time="2025-04-14T10:57:37.495494" level="INFO">${value} = {'include': [], 'exclude': [], 'skip': [], 'skip_on_failure': [], 'console_width': 78}</msg>
<var>${value}</var>
<arg>${var}</arg>
<doc>Returns variable value or ``default`` if the variable does not exist.</doc>
<status status="PASS" start="2025-04-14T10:57:37.495332" elapsed="0.000178"/>
</kw>
<kw name="Log To Console" owner="BuiltIn">
<arg>${var} : ${value}</arg>
<doc>Logs the given message to the console.</doc>
<status status="PASS" start="2025-04-14T10:57:37.495565" elapsed="0.000115"/>
</kw>
<var name="${var}">&amp;{OPTIONS}</var>
<status status="PASS" start="2025-04-14T10:57:37.495282" elapsed="0.000419"/>
</iter>
<iter>
<kw name="Get Variable Value" owner="BuiltIn">
<msg time="2025-04-14T10:57:37.495962" level="INFO">${value} = {}</msg>
<var>${value}</var>
<arg>${var}</arg>
<doc>Returns variable value or ``default`` if the variable does not exist.</doc>
<status status="PASS" start="2025-04-14T10:57:37.495820" elapsed="0.000160"/>
</kw>
<kw name="Log To Console" owner="BuiltIn">
<arg>${var} : ${value}</arg>
<doc>Logs the given message to the console.</doc>
<status status="PASS" start="2025-04-14T10:57:37.496040" elapsed="0.000120"/>
</kw>
<var name="${var}">&amp;{SUITE_METADATA}</var>
<status status="PASS" start="2025-04-14T10:57:37.495771" elapsed="0.000412"/>
</iter>
<iter>
<kw name="Get Variable Value" owner="BuiltIn">
<msg time="2025-04-14T10:57:37.496422" level="INFO">${value} = []</msg>
<var>${value}</var>
<arg>${var}</arg>
<doc>Returns variable value or ``default`` if the variable does not exist.</doc>
<status status="PASS" start="2025-04-14T10:57:37.496291" elapsed="0.000150"/>
</kw>
<kw name="Log To Console" owner="BuiltIn">
<arg>${var} : ${value}</arg>
<doc>Logs the given message to the console.</doc>
<status status="PASS" start="2025-04-14T10:57:37.496497" elapsed="0.000109"/>
</kw>
<var name="${var}">@{TEST_TAGS}</var>
<status status="PASS" start="2025-04-14T10:57:37.496242" elapsed="0.000400"/>
</iter>
<var>${var}</var>
<value>@{all_vars}</value>
<status status="PASS" start="2025-04-14T10:57:37.473319" elapsed="0.023344"/>
</for>
<status status="PASS" start="2025-04-14T10:57:37.471845" elapsed="0.024919"/>
</test>
<status status="PASS" start="2025-04-14T10:57:37.464951" elapsed="0.032004"/>
</suite>
<suite id="s1-s7" name="Simple Test2" source="/home/nguyenvh/Sync/3a/stage_stet/projet_dho/automated-log-analysis/tests/simple_test2.robot">
<test id="s1-s7-t1" name="Simple Test Case" line="10">
<kw name="Should Be Title Case" owner="String">
<arg>Robot Framework</arg>
<doc>Fails if given ``string`` is not title.</doc>
<status status="PASS" start="2025-04-14T10:57:37.504035" elapsed="0.000182"/>
</kw>
<kw name="Should Be Equal" owner="BuiltIn">
<arg>Text123</arg>
<arg>Text123</arg>
<doc>Fails if the given objects are unequal.</doc>
<status status="PASS" start="2025-04-14T10:57:37.504379" elapsed="0.000121"/>
</kw>
<kw name="Should Be True" owner="BuiltIn">
<arg>5 + 5 == 10</arg>
<doc>Fails if the given condition is not true.</doc>
<status status="PASS" start="2025-04-14T10:57:37.504601" elapsed="0.000111"/>
</kw>
<doc>Shows some assertion keywords</doc>
<status status="PASS" start="2025-04-14T10:57:37.503731" elapsed="0.001080"/>
</test>
<test id="s1-s7-t2" name="Test with Keywords" line="16">
<kw name="Store Text" owner="simple_example_keywords">
<kw name="Log" owner="BuiltIn">
<msg time="2025-04-14T10:57:37.505468" level="INFO">The text "Hail Our Robot" will be store in the variable ${stored_text}.</msg>
<arg>The text "${text}" will be store in the variable \${stored_text}.</arg>
<doc>Logs the given message with the given level.</doc>
<status status="PASS" start="2025-04-14T10:57:37.505351" elapsed="0.000151"/>
</kw>
<kw name="Set Suite Variable" owner="BuiltIn">
<msg time="2025-04-14T10:57:37.506013" level="INFO">${stored_text} = Hail Our Robot</msg>
<arg>${stored_text}</arg>
<arg>${text}</arg>
<doc>Makes a variable available everywhere within the scope of the current suite.</doc>
<status status="PASS" start="2025-04-14T10:57:37.505580" elapsed="0.000463"/>
</kw>
<arg>Hail Our Robot</arg>
<status status="PASS" start="2025-04-14T10:57:37.505163" elapsed="0.000924"/>
</kw>
<kw name="Add Text To Stored Text" owner="simple_example_keywords">
<kw name="Set Variable" owner="BuiltIn">
<msg time="2025-04-14T10:57:37.506526" level="INFO">${full_text} = Hail Our Robot Overlords!</msg>
<var>${full_text}</var>
<arg>${stored_text} ${text}</arg>
<doc>Returns the given values which can then be assigned to a variables.</doc>
<status status="PASS" start="2025-04-14T10:57:37.506394" elapsed="0.000151"/>
</kw>
<kw name="Log" owner="BuiltIn">
<msg time="2025-04-14T10:57:37.506705" level="INFO">The resulting text is: Hail Our Robot Overlords!</msg>
<arg>The resulting text is: ${full_text}</arg>
<doc>Logs the given message with the given level.</doc>
<status status="PASS" start="2025-04-14T10:57:37.506616" elapsed="0.000120"/>
</kw>
<kw name="Set Suite Variable" owner="BuiltIn">
<msg time="2025-04-14T10:57:37.506946" level="INFO">${stored_text} = Hail Our Robot Overlords!</msg>
<arg>${stored_text}</arg>
<arg>${full_text}</arg>
<doc>Makes a variable available everywhere within the scope of the current suite.</doc>
<status status="PASS" start="2025-04-14T10:57:37.506810" elapsed="0.000164"/>
</kw>
<arg>Overlords!</arg>
<status status="PASS" start="2025-04-14T10:57:37.506218" elapsed="0.000797"/>
</kw>
<kw name="Verify Stored Text Length" owner="simple_example_keywords">
<kw name="Length Should Be" owner="BuiltIn">
<msg time="2025-04-14T10:57:37.507396" level="INFO">Length is 25.</msg>
<arg>${stored_text}</arg>
<arg>${expected_length}</arg>
<doc>Verifies that the length of the given item is correct.</doc>
<status status="PASS" start="2025-04-14T10:57:37.507283" elapsed="0.000144"/>
</kw>
<arg>25</arg>
<status status="PASS" start="2025-04-14T10:57:37.507119" elapsed="0.000347"/>
</kw>
<kw name="Get Stored Text" owner="simple_example_keywords">
<return>
<value>${stored_text}</value>
<status status="PASS" start="2025-04-14T10:57:37.507683" elapsed="0.000028"/>
</return>
<msg time="2025-04-14T10:57:37.507796" level="INFO">${current_text} = Hail Our Robot Overlords!</msg>
<var>${current_text}</var>
<status status="PASS" start="2025-04-14T10:57:37.507573" elapsed="0.000239"/>
</kw>
<kw name="Should Be Equal" owner="BuiltIn">
<arg>${current_text}</arg>
<arg>Hail Our Robot Overlords!</arg>
<doc>Fails if the given objects are unequal.</doc>
<status status="PASS" start="2025-04-14T10:57:37.507904" elapsed="0.000116"/>
</kw>
<status status="PASS" start="2025-04-14T10:57:37.504938" elapsed="0.003171"/>
</test>
<test id="s1-s7-t3" name="Test for the year 2022" line="23">
<kw name="Get Current Date" owner="DateTime">
<msg time="2025-04-14T10:57:37.508574" level="INFO">${date} = 2025-04-14 10:57:37.508516</msg>
<var>${date}</var>
<arg>result_format=datetime</arg>
<doc>Returns current local or UTC time with an optional increment.</doc>
<status status="PASS" start="2025-04-14T10:57:37.508436" elapsed="0.000156"/>
</kw>
<kw name="Log" owner="BuiltIn">
<msg time="2025-04-14T10:57:37.508763" level="INFO">2025-04-14 10:57:37.508516</msg>
<arg>${date}</arg>
<doc>Logs the given message with the given level.</doc>
<status status="PASS" start="2025-04-14T10:57:37.508679" elapsed="0.000112"/>
</kw>
<kw name="Should Be Equal As Strings" owner="BuiltIn">
<msg time="2025-04-14T10:57:37.509175" level="INFO">Argument types are:
&lt;class 'int'&gt;
&lt;class 'str'&gt;</msg>
<msg time="2025-04-14T10:57:37.509245" level="FAIL">2025 != 2022</msg>
<arg>${date.year}</arg>
<arg>2022</arg>
<doc>Fails if objects are unequal after converting them to strings.</doc>
<status status="FAIL" start="2025-04-14T10:57:37.508873" elapsed="0.000422">2025 != 2022</status>
</kw>
<doc>Tests if it is still 2022...</doc>
<status status="FAIL" start="2025-04-14T10:57:37.508228" elapsed="0.001197">2025 != 2022</status>
</test>
<test id="s1-s7-t4" name="Test Case that fails" line="29">
<kw name="Check Correct Greeting" owner="simple_example_keywords">
<if>
<branch type="IF" condition="$greeting == 'Hail Our Robot Overlords!'">
<kw name="Log To Console" owner="BuiltIn">
<arg>\nYou may proceed...</arg>
<doc>Logs the given message to the console.</doc>
<status status="PASS" start="2025-04-14T10:57:37.512043" elapsed="0.000111"/>
</kw>
<status status="PASS" start="2025-04-14T10:57:37.510093" elapsed="0.002093"/>
</branch>
<branch type="ELSE">
<kw name="Fail" owner="BuiltIn">
<arg>Sorry. But that was the wrong answer... Bye Bye...</arg>
<doc>Fails the test with the given message and optionally alters its tags.</doc>
<status status="NOT RUN" start="2025-04-14T10:57:37.512276" elapsed="0.000014"/>
</kw>
<status status="NOT RUN" start="2025-04-14T10:57:37.512206" elapsed="0.000107"/>
</branch>
<status status="PASS" start="2025-04-14T10:57:37.510075" elapsed="0.002252"/>
</if>
<arg>Hail Our Robot Overlords!</arg>
<status status="PASS" start="2025-04-14T10:57:37.509930" elapsed="0.002435"/>
</kw>
<kw name="Check Correct Greeting" owner="simple_example_keywords">
<if>
<branch type="IF" condition="$greeting == 'Hail Our Robot Overlords!'">
<kw name="Log To Console" owner="BuiltIn">
<arg>\nYou may proceed...</arg>
<doc>Logs the given message to the console.</doc>
<status status="NOT RUN" start="2025-04-14T10:57:37.512808" elapsed="0.000015"/>
</kw>
<status status="NOT RUN" start="2025-04-14T10:57:37.512675" elapsed="0.000175"/>
</branch>
<branch type="ELSE">
<kw name="Fail" owner="BuiltIn">
<msg time="2025-04-14T10:57:37.513049" level="FAIL">Sorry. But that was the wrong answer... Bye Bye...</msg>
<arg>Sorry. But that was the wrong answer... Bye Bye...</arg>
<doc>Fails the test with the given message and optionally alters its tags.</doc>
<status status="FAIL" start="2025-04-14T10:57:37.512924" elapsed="0.000174">Sorry. But that was the wrong answer... Bye Bye...</status>
</kw>
<status status="FAIL" start="2025-04-14T10:57:37.512867" elapsed="0.000278">Sorry. But that was the wrong answer... Bye Bye...</status>
</branch>
<status status="FAIL" start="2025-04-14T10:57:37.512662" elapsed="0.000502">Sorry. But that was the wrong answer... Bye Bye...</status>
</if>
<arg>Hello World!</arg>
<status status="FAIL" start="2025-04-14T10:57:37.512517" elapsed="0.000702">Sorry. But that was the wrong answer... Bye Bye...</status>
</kw>
<status status="FAIL" start="2025-04-14T10:57:37.509550" elapsed="0.003784">Sorry. But that was the wrong answer... Bye Bye...</status>
</test>
<doc>This .robot file is a suite

Keywords are imported from the resource file</doc>
<status status="FAIL" start="2025-04-14T10:57:37.497291" elapsed="0.016236"/>
</suite>
<status status="FAIL" start="2025-04-14T10:57:37.340395" elapsed="0.173583"/>
</suite>
<statistics>
<total>
<stat pass="21" fail="9" skip="0">All Tests</stat>
</total>
<tag>
</tag>
<suite>
<stat name="Advanced Test &amp; Bdd Test &amp; Dictionaries &amp; In Range Test &amp; List &amp; Scalar Test &amp; Simple Test2" id="s1" pass="21" fail="9" skip="0">Advanced Test &amp; Bdd Test &amp; Dictionaries &amp; In Range Test &amp; List &amp; Scalar Test &amp; Simple Test2</stat>
<stat name="Advanced Test" id="s1-s1" pass="0" fail="6" skip="0">Advanced Test &amp; Bdd Test &amp; Dictionaries &amp; In Range Test &amp; List &amp; Scalar Test &amp; Simple Test2.Advanced Test</stat>
<stat name="Bdd Test" id="s1-s2" pass="1" fail="0" skip="0">Advanced Test &amp; Bdd Test &amp; Dictionaries &amp; In Range Test &amp; List &amp; Scalar Test &amp; Simple Test2.Bdd Test</stat>
<stat name="Dictionaries" id="s1-s3" pass="4" fail="0" skip="0">Advanced Test &amp; Bdd Test &amp; Dictionaries &amp; In Range Test &amp; List &amp; Scalar Test &amp; Simple Test2.Dictionaries</stat>
<stat name="In Range Test" id="s1-s4" pass="4" fail="0" skip="0">Advanced Test &amp; Bdd Test &amp; Dictionaries &amp; In Range Test &amp; List &amp; Scalar Test &amp; Simple Test2.In Range Test</stat>
<stat name="List" id="s1-s5" pass="4" fail="1" skip="0">Advanced Test &amp; Bdd Test &amp; Dictionaries &amp; In Range Test &amp; List &amp; Scalar Test &amp; Simple Test2.List</stat>
<stat name="Scalar Test" id="s1-s6" pass="6" fail="0" skip="0">Advanced Test &amp; Bdd Test &amp; Dictionaries &amp; In Range Test &amp; List &amp; Scalar Test &amp; Simple Test2.Scalar Test</stat>
<stat name="Simple Test2" id="s1-s7" pass="2" fail="2" skip="0">Advanced Test &amp; Bdd Test &amp; Dictionaries &amp; In Range Test &amp; List &amp; Scalar Test &amp; Simple Test2.Simple Test2</stat>
</suite>
</statistics>
<errors>
<msg time="2025-04-14T10:57:37.337131" level="WARN">Error in file '/home/nguyenvh/Sync/3a/stage_stet/projet_dho/automated-log-analysis/tests/scalar_test.robot' on line 44: The '[Return]' setting is deprecated. Use the 'RETURN' statement instead.</msg>
<msg time="2025-04-14T10:57:37.337239" level="WARN">Error in file '/home/nguyenvh/Sync/3a/stage_stet/projet_dho/automated-log-analysis/tests/scalar_test.robot' on line 50: The '[Return]' setting is deprecated. Use the 'RETURN' statement instead.</msg>
</errors>
</robot>
