<?xml version="1.0" encoding="UTF-8"?>
<robot generator="Robot 7.2.2 (Python 3.10.12 on linux)" generated="2025-04-22T16:35:18.718303" rpa="false" schemaversion="5">
<suite id="s1" name="Automated-Log-Analysis" source="/home/nguyenvh/Sync/3a/stage_stet/projet_dho/automated-log-analysis">
<suite id="s1-s1" name="Tests" source="/home/nguyenvh/Sync/3a/stage_stet/projet_dho/automated-log-analysis/tests">
<suite id="s1-s1-s1" name="Bdd Test" source="/home/nguyenvh/Sync/3a/stage_stet/projet_dho/automated-log-analysis/tests/bdd_test.robot">
<test id="s1-s1-s1-t1" name="Test Calculator With BDD Syntax" line="5">
<kw name="Given The Calculator Is Running" owner="bdd_keywords">
<kw name="Log" owner="BuiltIn">
<msg time="2025-04-22T16:35:18.746710" level="INFO">Opening Calculator</msg>
<arg>Opening Calculator</arg>
<doc>Logs the given message with the given level.</doc>
<status status="PASS" start="2025-04-22T16:35:18.746380" elapsed="0.000610"/>
</kw>
<kw name="Start Calculator" owner="Calculator">
<msg time="2025-04-22T16:35:18.747422" level="INFO">Calculator Started</msg>
<status status="PASS" start="2025-04-22T16:35:18.747221" elapsed="0.000340"/>
</kw>
<status status="PASS" start="2025-04-22T16:35:18.745026" elapsed="0.002664"/>
</kw>
<kw name="When The User Enters The Term &quot;1 + 1&quot;" owner="bdd_keywords" source_name="The User Enters The Term &quot;${term}&quot;">
<kw name="Log" owner="BuiltIn">
<msg time="2025-04-22T16:35:18.750450" level="INFO">Entering 1 + 1</msg>
<arg>Entering ${term}</arg>
<doc>Logs the given message with the given level.</doc>
<status status="PASS" start="2025-04-22T16:35:18.750013" elapsed="0.000812"/>
</kw>
<kw name="Set Test Variable" owner="BuiltIn">
<msg time="2025-04-22T16:35:18.751424" level="INFO">${term} = 1 + 1</msg>
<arg>${term}</arg>
<doc>Makes a variable available everywhere within the scope of the current test.</doc>
<status status="PASS" start="2025-04-22T16:35:18.751067" elapsed="0.000473"/>
</kw>
<status status="PASS" start="2025-04-22T16:35:18.748886" elapsed="0.002771"/>
</kw>
<kw name="And The User Triggers The Calculation" owner="bdd_keywords">
<kw name="Log" owner="BuiltIn">
<msg time="2025-04-22T16:35:18.753963" level="INFO">Triggering Calculation</msg>
<arg>Triggering Calculation</arg>
<doc>Logs the given message with the given level.</doc>
<status status="PASS" start="2025-04-22T16:35:18.753622" elapsed="0.000485"/>
</kw>
<kw name="Calculate Term" owner="Calculator">
<msg time="2025-04-22T16:35:18.754475" level="INFO">Calculating Term: 1 + 1</msg>
<msg time="2025-04-22T16:35:18.754607" level="INFO">${result} = 2</msg>
<var>${result}</var>
<arg>${term}</arg>
<doc>Interpret term as a mathematical expression
and return the result</doc>
<status status="PASS" start="2025-04-22T16:35:18.754255" elapsed="0.000405"/>
</kw>
<kw name="Set Test Variable" owner="BuiltIn">
<msg time="2025-04-22T16:35:18.755004" level="INFO">${result} = 2</msg>
<arg>${result}</arg>
<doc>Makes a variable available everywhere within the scope of the current test.</doc>
<status status="PASS" start="2025-04-22T16:35:18.754795" elapsed="0.000304"/>
</kw>
<status status="PASS" start="2025-04-22T16:35:18.752605" elapsed="0.002595"/>
</kw>
<kw name="Then The Result Should Be &quot;2&quot;" owner="bdd_keywords" source_name="The Result Should Be &quot;${expected}&quot;">
<kw name="Log" owner="BuiltIn">
<msg time="2025-04-22T16:35:18.757067" level="INFO">Checking Result</msg>
<arg>Checking Result</arg>
<doc>Logs the given message with the given level.</doc>
<status status="PASS" start="2025-04-22T16:35:18.756881" elapsed="0.000554"/>
</kw>
<kw name="Should Be Equal As Numbers" owner="BuiltIn">
<msg time="2025-04-22T16:35:18.757847" level="INFO">Argument types are:
&lt;class 'int'&gt;
&lt;class 'str'&gt;</msg>
<arg>${result}</arg>
<arg>${expected}</arg>
<doc>Fails if objects are unequal after converting them to real numbers.</doc>
<status status="PASS" start="2025-04-22T16:35:18.757570" elapsed="0.000545"/>
</kw>
<status status="PASS" start="2025-04-22T16:35:18.755988" elapsed="0.002257"/>
</kw>
<status status="PASS" start="2025-04-22T16:35:18.743933" elapsed="0.015113"/>
</test>
<status status="PASS" start="2025-04-22T16:35:18.739816" elapsed="0.020022"/>
</suite>
<status status="PASS" start="2025-04-22T16:35:18.737699" elapsed="0.023217"/>
</suite>
<status status="PASS" start="2025-04-22T16:35:18.721281" elapsed="0.040864"/>
</suite>
<statistics>
<total>
<stat pass="1" fail="0" skip="0">All Tests</stat>
</total>
<tag>
</tag>
<suite>
<stat name="Automated-Log-Analysis" id="s1" pass="1" fail="0" skip="0">Automated-Log-Analysis</stat>
<stat name="Tests" id="s1-s1" pass="1" fail="0" skip="0">Automated-Log-Analysis.Tests</stat>
<stat name="Bdd Test" id="s1-s1-s1" pass="1" fail="0" skip="0">Automated-Log-Analysis.Tests.Bdd Test</stat>
</suite>
</statistics>
<errors>
</errors>
</robot>
